<?xml version="1.0" encoding="utf-8"?>
<testsuites 
   name="OsvvmLibraries_RunErrorTestsWithCoverage"
   timestamp="2024-05-30 - 09:42:29 (PDT)"
   id="2024.05"
   time="261.959"
   tests="19"
   failures="2"
   errors="0"
   skipped="0"
>
<testsuite 
   name="Axi4Lite"
   time="7.504"
   tests="1"
   failures="0"
   errors="0"
   skipped="0"
>
<testcase 
   name="TbAxi4_RandomReadWrite"
   classname="Axi4Lite"
   time="5.515"
>
</testcase>
</testsuite>
<testsuite 
   name="Axi4Full"
   time="87.029"
   tests="7"
   failures="2"
   errors="0"
   skipped="0"
>
<testcase 
   name="TbAxi4_DemoMemoryReadWrite1"
   classname="Axi4Full"
   time="14.868"
>
</testcase>
<testcase 
   name="TbAxi4_DemoErrorMemoryReadWrite1"
   classname="Axi4Full"
   time="12.574"
>
<failure message="Test Case Error">Test Case Error</failure>
</testcase>
<testcase 
   name="TbAxi4_ManagerRandomTiming1"
   classname="Axi4Full"
   time="10.632"
>
</testcase>
<testcase 
   name="TbAxi4_ManagerMemoryRandomTiming1"
   classname="Axi4Full"
   time="9.574"
>
</testcase>
<testcase 
   name="TbAxi4_MemoryBurstPattern1"
   classname="Axi4Full"
   time="9.621"
>
</testcase>
<testcase 
   name="TbAxi4_DemoErrorMemoryReadWrite1"
   classname="Axi4Full"
   time="9.731"
>
<failure message="Test Case Error">Test Case Error</failure>
</testcase>
<testcase 
   name="TbAxi4_DemoMemoryReadWrite1"
   classname="Axi4Full"
   time="10.876"
>
</testcase>
</testsuite>
<testsuite 
   name="AxiStream"
   time="44.050"
   tests="4"
   failures="0"
   errors="0"
   skipped="0"
>
<testcase 
   name="TbStream_SendGetDemo1"
   classname="AxiStream"
   time="10.025"
>
</testcase>
<testcase 
   name="TbStream_SendGetPacketBurst1"
   classname="AxiStream"
   time="8.681"
>
</testcase>
<testcase 
   name="TbStream_SendGetRandom1"
   classname="AxiStream"
   time="9.123"
>
</testcase>
<testcase 
   name="TbStream_SendGetRandom2"
   classname="AxiStream"
   time="11.786"
>
</testcase>
</testsuite>
<testsuite 
   name="Uart"
   time="10.467"
   tests="1"
   failures="0"
   errors="0"
   skipped="0"
>
<testcase 
   name="TbUart_SendGet1"
   classname="Uart"
   time="8.486"
>
</testcase>
</testsuite>
<testsuite 
   name="Ethernet"
   time="70.292"
   tests="6"
   failures="0"
   errors="0"
   skipped="0"
>
<testcase 
   name="Tb_xMii1"
   classname="Ethernet"
   time="10.468"
>
</testcase>
<testcase 
   name="Tb_xMii1_MII_INTERFACE_RGMII_MII_BPS_BPS_1G"
   classname="Ethernet"
   time="9.321"
>
</testcase>
<testcase 
   name="Tb_xMii1_MII_INTERFACE_MII_MII_BPS_BPS_100M"
   classname="Ethernet"
   time="11.283"
>
</testcase>
<testcase 
   name="Tb_xMii1_MII_INTERFACE_MII_MII_BPS_BPS_10M"
   classname="Ethernet"
   time="13.549"
>
</testcase>
<testcase 
   name="Tb_xMii1_MII_INTERFACE_RMII_MII_BPS_BPS_100M"
   classname="Ethernet"
   time="10.777"
>
</testcase>
<testcase 
   name="Tb_xMii1_MII_INTERFACE_RMII_MII_BPS_BPS_10M"
   classname="Ethernet"
   time="11.857"
>
</testcase>
</testsuite>
</testsuites>
