<testsuites 
   name="OsvvmLibraries_RunAllTestsWithCoverage"
   timestamp="2023-07-18T19:20-0700"
   id="2023.07"
   time="1672.318"
   tests="411"
   failures="0"
   errors="0"
   skipped="0"
>
<testsuite 
   name="StreamTransactionPkg"
   time="50.932"
   tests="15"
   failures="0"
   errors="0"
   skipped="0"
>
<testcase 
   name="TbStream_SendGet1"
   classname="TbStream_SendGet1"
   time="3.165"
>
</testcase>
<testcase 
   name="TbStream_SendGetAsync1"
   classname="TbStream_SendGetAsync1"
   time="1.682"
>
</testcase>
<testcase 
   name="TbStream_SendGetAll1"
   classname="TbStream_SendGetAll1"
   time="2.241"
>
</testcase>
<testcase 
   name="TbStream_SendGetAllAsync1"
   classname="TbStream_SendGetAllAsync1"
   time="1.909"
>
</testcase>
<testcase 
   name="TbAxi_SendGetAllParam1"
   classname="TbAxi_SendGetAllParam1"
   time="1.581"
>
</testcase>
<testcase 
   name="TbAxi_SendGetAllParamAsync1"
   classname="TbAxi_SendGetAllParamAsync1"
   time="1.810"
>
</testcase>
<testcase 
   name="TbStream_GotBurst1"
   classname="TbStream_GotBurst1"
   time="1.549"
>
</testcase>
<testcase 
   name="TbStream_SendCheckBurstVector1"
   classname="TbStream_SendCheckBurstVector1"
   time="1.549"
>
</testcase>
<testcase 
   name="TbStream_SendCheckBurstVectorAsync1"
   classname="TbStream_SendCheckBurstVectorAsync1"
   time="2.501"
>
</testcase>
<testcase 
   name="TbStream_ReleaseAcquireTransmitter1"
   classname="TbStream_ReleaseAcquireTransmitter1"
   time="1.848"
>
</testcase>
<testcase 
   name="TbStream_ReleaseAcquireReceiver1"
   classname="TbStream_ReleaseAcquireReceiver1"
   time="1.305"
>
</testcase>
<testcase 
   name="TbStream_MultipleDriversTransmitter1"
   classname="TbStream_MultipleDriversTransmitter1"
   time="1.575"
>
</testcase>
<testcase 
   name="TbStream_MultipleDriversReceiver1"
   classname="TbStream_MultipleDriversReceiver1"
   time="1.345"
>
</testcase>
<testcase 
   name="TbAxi_SetBurstMode1"
   classname="TbAxi_SetBurstMode1"
   time="1.588"
>
</testcase>
<testcase 
   name="TbAxi_SetModelOptions1"
   classname="TbAxi_SetModelOptions1"
   time="1.968"
>
</testcase>
</testsuite>
<testsuite 
   name="StreamTransactionArrayPkg"
   time="44.886"
   tests="13"
   failures="0"
   errors="0"
   skipped="0"
>
<testcase 
   name="TbStream_SendGet1"
   classname="TbStream_SendGet1"
   time="1.882"
>
</testcase>
<testcase 
   name="TbStream_SendGetAsync1"
   classname="TbStream_SendGetAsync1"
   time="1.463"
>
</testcase>
<testcase 
   name="TbStream_SendGetAll1"
   classname="TbStream_SendGetAll1"
   time="1.732"
>
</testcase>
<testcase 
   name="TbStream_SendGetAllAsync1"
   classname="TbStream_SendGetAllAsync1"
   time="2.003"
>
</testcase>
<testcase 
   name="TbAxi_SendGetAllParam1"
   classname="TbAxi_SendGetAllParam1"
   time="2.102"
>
</testcase>
<testcase 
   name="TbAxi_SendGetAllParamAsync1"
   classname="TbAxi_SendGetAllParamAsync1"
   time="2.161"
>
</testcase>
<testcase 
   name="TbStream_GotBurst1"
   classname="TbStream_GotBurst1"
   time="1.601"
>
</testcase>
<testcase 
   name="TbStream_ReleaseAcquireTransmitter1"
   classname="TbStream_ReleaseAcquireTransmitter1"
   time="1.418"
>
</testcase>
<testcase 
   name="TbStream_ReleaseAcquireReceiver1"
   classname="TbStream_ReleaseAcquireReceiver1"
   time="1.326"
>
</testcase>
<testcase 
   name="TbStream_MultipleDriversTransmitter1"
   classname="TbStream_MultipleDriversTransmitter1"
   time="1.854"
>
</testcase>
<testcase 
   name="TbStream_MultipleDriversReceiver1"
   classname="TbStream_MultipleDriversReceiver1"
   time="2.114"
>
</testcase>
<testcase 
   name="TbAxi_SetBurstMode1"
   classname="TbAxi_SetBurstMode1"
   time="1.815"
>
</testcase>
<testcase 
   name="TbAxi_SetModelOptions1"
   classname="TbAxi_SetModelOptions1"
   time="1.732"
>
</testcase>
</testsuite>
<testsuite 
   name="AddressBusTransactionPkg"
   time="158.896"
   tests="42"
   failures="0"
   errors="0"
   skipped="0"
>
<testcase 
   name="TbAxi4_TransactionApiManager"
   classname="TbAxi4_TransactionApiManager"
   time="3.123"
>
</testcase>
<testcase 
   name="TbAxi4_AlertLogIDManager"
   classname="TbAxi4_AlertLogIDManager"
   time="1.949"
>
</testcase>
<testcase 
   name="TbAxi4_ReleaseAcquireManager1"
   classname="TbAxi4_ReleaseAcquireManager1"
   time="2.054"
>
</testcase>
<testcase 
   name="TbAxi4_MultipleDriversManager"
   classname="TbAxi4_MultipleDriversManager"
   time="1.735"
>
</testcase>
<testcase 
   name="TbAxi4_BasicReadWrite"
   classname="TbAxi4_BasicReadWrite"
   time="1.757"
>
</testcase>
<testcase 
   name="TbAxi4_MemoryReadWrite1"
   classname="TbAxi4_MemoryReadWrite1"
   time="2.513"
>
</testcase>
<testcase 
   name="TbAxi4_MemoryReadWrite2"
   classname="TbAxi4_MemoryReadWrite2"
   time="1.876"
>
</testcase>
<testcase 
   name="TbAxi4_ReadPoll1"
   classname="TbAxi4_ReadPoll1"
   time="1.975"
>
</testcase>
<testcase 
   name="TbAxi4_RandomReadWrite"
   classname="TbAxi4_RandomReadWrite"
   time="2.405"
>
</testcase>
<testcase 
   name="TbAxi4_RandomReadWriteByte1"
   classname="TbAxi4_RandomReadWriteByte1"
   time="2.928"
>
</testcase>
<testcase 
   name="TbAxi4_ReadWriteAsync1"
   classname="TbAxi4_ReadWriteAsync1"
   time="2.315"
>
</testcase>
<testcase 
   name="TbAxi4_ReadWriteAsync2"
   classname="TbAxi4_ReadWriteAsync2"
   time="1.641"
>
</testcase>
<testcase 
   name="TbAxi4_ReadWriteAsync3"
   classname="TbAxi4_ReadWriteAsync3"
   time="1.749"
>
</testcase>
<testcase 
   name="TbAxi4_ReadWriteAsync4"
   classname="TbAxi4_ReadWriteAsync4"
   time="1.929"
>
</testcase>
<testcase 
   name="TbAxi4_TransactionApiSubordinate"
   classname="TbAxi4_TransactionApiSubordinate"
   time="2.014"
>
</testcase>
<testcase 
   name="TbAxi4_AlertLogIDSubordinate"
   classname="TbAxi4_AlertLogIDSubordinate"
   time="2.567"
>
</testcase>
<testcase 
   name="TbAxi4_ReleaseAcquireSubordinate1"
   classname="TbAxi4_ReleaseAcquireSubordinate1"
   time="2.013"
>
</testcase>
<testcase 
   name="TbAxi4_MultipleDriversSubordinate"
   classname="TbAxi4_MultipleDriversSubordinate"
   time="1.638"
>
</testcase>
<testcase 
   name="TbAxi4_SubordinateReadWrite1"
   classname="TbAxi4_SubordinateReadWrite1"
   time="1.955"
>
</testcase>
<testcase 
   name="TbAxi4_SubordinateReadWrite2"
   classname="TbAxi4_SubordinateReadWrite2"
   time="2.202"
>
</testcase>
<testcase 
   name="TbAxi4_SubordinateReadWrite3"
   classname="TbAxi4_SubordinateReadWrite3"
   time="2.019"
>
</testcase>
<testcase 
   name="TbAxi4_SubordinateReadWriteAsync1"
   classname="TbAxi4_SubordinateReadWriteAsync1"
   time="1.804"
>
</testcase>
<testcase 
   name="TbAxi4_SubordinateReadWriteAsync2"
   classname="TbAxi4_SubordinateReadWriteAsync2"
   time="1.819"
>
</testcase>
<testcase 
   name="TbAxi4_TransactionApiMemory"
   classname="TbAxi4_TransactionApiMemory"
   time="1.784"
>
</testcase>
<testcase 
   name="TbAxi4_AlertLogIDMemory"
   classname="TbAxi4_AlertLogIDMemory"
   time="2.307"
>
</testcase>
<testcase 
   name="TbAxi4_ReleaseAcquireMemory1"
   classname="TbAxi4_ReleaseAcquireMemory1"
   time="2.019"
>
</testcase>
<testcase 
   name="TbAxi4_MultipleDriversMemory"
   classname="TbAxi4_MultipleDriversMemory"
   time="2.035"
>
</testcase>
<testcase 
   name="TbAxi4_MemoryAsync"
   classname="TbAxi4_MemoryAsync"
   time="1.865"
>
</testcase>
<testcase 
   name="TbAxi4_TransactionApiManagerBurst"
   classname="TbAxi4_TransactionApiManagerBurst"
   time="2.025"
>
</testcase>
<testcase 
   name="TbAxi4_TransactionApiMemoryBurst"
   classname="TbAxi4_TransactionApiMemoryBurst"
   time="2.572"
>
</testcase>
<testcase 
   name="TbAxi4_MemoryBurst1"
   classname="TbAxi4_MemoryBurst1"
   time="2.024"
>
</testcase>
<testcase 
   name="TbAxi4_MemoryBurstPattern1"
   classname="TbAxi4_MemoryBurstPattern1"
   time="2.172"
>
</testcase>
<testcase 
   name="TbAxi4_MemoryBurstPattern2"
   classname="TbAxi4_MemoryBurstPattern2"
   time="2.170"
>
</testcase>
<testcase 
   name="TbAxi4_MemoryBurstByte1"
   classname="TbAxi4_MemoryBurstByte1"
   time="2.104"
>
</testcase>
<testcase 
   name="TbAxi4_MemoryBurstBytePattern1"
   classname="TbAxi4_MemoryBurstBytePattern1"
   time="2.734"
>
</testcase>
<testcase 
   name="TbAxi4_MemoryBurstAsync1"
   classname="TbAxi4_MemoryBurstAsync1"
   time="1.951"
>
</testcase>
<testcase 
   name="TbAxi4_MemoryBurstAsyncPattern1"
   classname="TbAxi4_MemoryBurstAsyncPattern1"
   time="1.983"
>
</testcase>
<testcase 
   name="TbAxi4_MemoryBurstAsyncPattern2"
   classname="TbAxi4_MemoryBurstAsyncPattern2"
   time="1.912"
>
</testcase>
<testcase 
   name="TbAxi4_MemoryBurstSparse1"
   classname="TbAxi4_MemoryBurstSparse1"
   time="1.905"
>
</testcase>
<testcase 
   name="TbAxi4_MemoryReadWriteDemo1"
   classname="TbAxi4_MemoryReadWriteDemo1"
   time="3.316"
>
</testcase>
<testcase 
   name="TbAxi4_Interrupt1"
   classname="TbAxi4_Interrupt1"
   time="1.966"
>
</testcase>
<testcase 
   name="TbAxi4_SetModelOptions1"
   classname="TbAxi4_SetModelOptions1"
   time="2.027"
>
</testcase>
</testsuite>
<testsuite 
   name="AddressBusTransactionArrayPkg"
   time="155.650"
   tests="42"
   failures="0"
   errors="0"
   skipped="0"
>
<testcase 
   name="TbAxi4_TransactionApiManager"
   classname="TbAxi4_TransactionApiManager"
   time="2.022"
>
</testcase>
<testcase 
   name="TbAxi4_AlertLogIDManager"
   classname="TbAxi4_AlertLogIDManager"
   time="1.876"
>
</testcase>
<testcase 
   name="TbAxi4_ReleaseAcquireManager1"
   classname="TbAxi4_ReleaseAcquireManager1"
   time="1.820"
>
</testcase>
<testcase 
   name="TbAxi4_MultipleDriversManager"
   classname="TbAxi4_MultipleDriversManager"
   time="2.302"
>
</testcase>
<testcase 
   name="TbAxi4_BasicReadWrite"
   classname="TbAxi4_BasicReadWrite"
   time="1.875"
>
</testcase>
<testcase 
   name="TbAxi4_MemoryReadWrite1"
   classname="TbAxi4_MemoryReadWrite1"
   time="2.033"
>
</testcase>
<testcase 
   name="TbAxi4_MemoryReadWrite2"
   classname="TbAxi4_MemoryReadWrite2"
   time="1.647"
>
</testcase>
<testcase 
   name="TbAxi4_ReadPoll1"
   classname="TbAxi4_ReadPoll1"
   time="1.758"
>
</testcase>
<testcase 
   name="TbAxi4_RandomReadWrite"
   classname="TbAxi4_RandomReadWrite"
   time="3.504"
>
</testcase>
<testcase 
   name="TbAxi4_RandomReadWriteByte1"
   classname="TbAxi4_RandomReadWriteByte1"
   time="2.848"
>
</testcase>
<testcase 
   name="TbAxi4_ReadWriteAsync1"
   classname="TbAxi4_ReadWriteAsync1"
   time="1.769"
>
</testcase>
<testcase 
   name="TbAxi4_ReadWriteAsync2"
   classname="TbAxi4_ReadWriteAsync2"
   time="1.946"
>
</testcase>
<testcase 
   name="TbAxi4_ReadWriteAsync3"
   classname="TbAxi4_ReadWriteAsync3"
   time="2.154"
>
</testcase>
<testcase 
   name="TbAxi4_ReadWriteAsync4"
   classname="TbAxi4_ReadWriteAsync4"
   time="2.244"
>
</testcase>
<testcase 
   name="TbAxi4_TransactionApiSubordinate"
   classname="TbAxi4_TransactionApiSubordinate"
   time="1.657"
>
</testcase>
<testcase 
   name="TbAxi4_AlertLogIDSubordinate"
   classname="TbAxi4_AlertLogIDSubordinate"
   time="1.640"
>
</testcase>
<testcase 
   name="TbAxi4_ReleaseAcquireSubordinate1"
   classname="TbAxi4_ReleaseAcquireSubordinate1"
   time="1.912"
>
</testcase>
<testcase 
   name="TbAxi4_MultipleDriversSubordinate"
   classname="TbAxi4_MultipleDriversSubordinate"
   time="2.167"
>
</testcase>
<testcase 
   name="TbAxi4_SubordinateReadWrite1"
   classname="TbAxi4_SubordinateReadWrite1"
   time="2.225"
>
</testcase>
<testcase 
   name="TbAxi4_SubordinateReadWrite2"
   classname="TbAxi4_SubordinateReadWrite2"
   time="1.774"
>
</testcase>
<testcase 
   name="TbAxi4_SubordinateReadWrite3"
   classname="TbAxi4_SubordinateReadWrite3"
   time="1.901"
>
</testcase>
<testcase 
   name="TbAxi4_SubordinateReadWriteAsync1"
   classname="TbAxi4_SubordinateReadWriteAsync1"
   time="1.833"
>
</testcase>
<testcase 
   name="TbAxi4_SubordinateReadWriteAsync2"
   classname="TbAxi4_SubordinateReadWriteAsync2"
   time="2.300"
>
</testcase>
<testcase 
   name="TbAxi4_TransactionApiMemory"
   classname="TbAxi4_TransactionApiMemory"
   time="2.346"
>
</testcase>
<testcase 
   name="TbAxi4_AlertLogIDMemory"
   classname="TbAxi4_AlertLogIDMemory"
   time="2.092"
>
</testcase>
<testcase 
   name="TbAxi4_ReleaseAcquireMemory1"
   classname="TbAxi4_ReleaseAcquireMemory1"
   time="1.686"
>
</testcase>
<testcase 
   name="TbAxi4_MultipleDriversMemory"
   classname="TbAxi4_MultipleDriversMemory"
   time="1.878"
>
</testcase>
<testcase 
   name="TbAxi4_MemoryAsync"
   classname="TbAxi4_MemoryAsync"
   time="2.444"
>
</testcase>
<testcase 
   name="TbAxi4_TransactionApiManagerBurst"
   classname="TbAxi4_TransactionApiManagerBurst"
   time="2.050"
>
</testcase>
<testcase 
   name="TbAxi4_TransactionApiMemoryBurst"
   classname="TbAxi4_TransactionApiMemoryBurst"
   time="2.092"
>
</testcase>
<testcase 
   name="TbAxi4_MemoryBurst1"
   classname="TbAxi4_MemoryBurst1"
   time="2.021"
>
</testcase>
<testcase 
   name="TbAxi4_MemoryBurstPattern1"
   classname="TbAxi4_MemoryBurstPattern1"
   time="2.037"
>
</testcase>
<testcase 
   name="TbAxi4_MemoryBurstPattern2"
   classname="TbAxi4_MemoryBurstPattern2"
   time="3.105"
>
</testcase>
<testcase 
   name="TbAxi4_MemoryBurstByte1"
   classname="TbAxi4_MemoryBurstByte1"
   time="1.834"
>
</testcase>
<testcase 
   name="TbAxi4_MemoryBurstBytePattern1"
   classname="TbAxi4_MemoryBurstBytePattern1"
   time="2.056"
>
</testcase>
<testcase 
   name="TbAxi4_MemoryBurstAsync1"
   classname="TbAxi4_MemoryBurstAsync1"
   time="2.015"
>
</testcase>
<testcase 
   name="TbAxi4_MemoryBurstAsyncPattern1"
   classname="TbAxi4_MemoryBurstAsyncPattern1"
   time="2.266"
>
</testcase>
<testcase 
   name="TbAxi4_MemoryBurstAsyncPattern2"
   classname="TbAxi4_MemoryBurstAsyncPattern2"
   time="3.092"
>
</testcase>
<testcase 
   name="TbAxi4_MemoryBurstSparse1"
   classname="TbAxi4_MemoryBurstSparse1"
   time="1.930"
>
</testcase>
<testcase 
   name="TbAxi4_MemoryReadWriteDemo1"
   classname="TbAxi4_MemoryReadWriteDemo1"
   time="2.292"
>
</testcase>
<testcase 
   name="TbAxi4_Interrupt1"
   classname="TbAxi4_Interrupt1"
   time="1.817"
>
</testcase>
<testcase 
   name="TbAxi4_SetModelOptions1"
   classname="TbAxi4_SetModelOptions1"
   time="2.334"
>
</testcase>
</testsuite>
<testsuite 
   name="InterruptHandler_Gen"
   time="24.108"
   tests="6"
   failures="0"
   errors="0"
   skipped="0"
>
<testcase 
   name="TbAb_Interrupt1"
   classname="TbAb_Interrupt1"
   time="2.508"
>
</testcase>
<testcase 
   name="TbAb_Interrupt2"
   classname="TbAb_Interrupt2"
   time="2.965"
>
</testcase>
<testcase 
   name="TbAb_Interrupt3"
   classname="TbAb_Interrupt3"
   time="2.028"
>
</testcase>
<testcase 
   name="TbAb_InterruptBurst1"
   classname="TbAb_InterruptBurst1"
   time="1.798"
>
</testcase>
<testcase 
   name="TbAb_InterruptBurst2"
   classname="TbAb_InterruptBurst2"
   time="1.760"
>
</testcase>
<testcase 
   name="TbAb_InterruptNoHandler1"
   classname="TbAb_InterruptNoHandler1"
   time="1.939"
>
</testcase>
</testsuite>
<testsuite 
   name="Axi4Lite"
   time="42.584"
   tests="11"
   failures="0"
   errors="0"
   skipped="0"
>
<testcase 
   name="TbAxi4_BasicReadWrite"
   classname="TbAxi4_BasicReadWrite"
   time="1.936"
>
</testcase>
<testcase 
   name="TbAxi4_ReadWriteAsync1"
   classname="TbAxi4_ReadWriteAsync1"
   time="1.761"
>
</testcase>
<testcase 
   name="TbAxi4_ReadWriteAsync2"
   classname="TbAxi4_ReadWriteAsync2"
   time="1.846"
>
</testcase>
<testcase 
   name="TbAxi4_ReadWriteAsync3"
   classname="TbAxi4_ReadWriteAsync3"
   time="1.622"
>
</testcase>
<testcase 
   name="TbAxi4_RandomReadWrite"
   classname="TbAxi4_RandomReadWrite"
   time="3.124"
>
</testcase>
<testcase 
   name="TbAxi4_RandomReadWriteByte"
   classname="TbAxi4_RandomReadWriteByte"
   time="2.274"
>
</testcase>
<testcase 
   name="TbAxi4_TimeOut"
   classname="TbAxi4_TimeOut"
   time="1.670"
>
</testcase>
<testcase 
   name="TbAxi4_WriteOptions"
   classname="TbAxi4_WriteOptions"
   time="1.420"
>
</testcase>
<testcase 
   name="TbAxi4_MemoryReadWrite1"
   classname="TbAxi4_MemoryReadWrite1"
   time="1.836"
>
</testcase>
<testcase 
   name="TbAxi4_AxiXResp"
   classname="TbAxi4_AxiXResp"
   time="1.876"
>
</testcase>
<testcase 
   name="TbAxi4_AxiXResp2_Enum"
   classname="TbAxi4_AxiXResp2_Enum"
   time="2.280"
>
</testcase>
</testsuite>
<testsuite 
   name="Axi4Full"
   time="266.224"
   tests="68"
   failures="0"
   errors="0"
   skipped="0"
>
<testcase 
   name="TbAxi4_DemoMemoryReadWrite1"
   classname="TbAxi4_DemoMemoryReadWrite1"
   time="2.704"
>
</testcase>
<testcase 
   name="TbAxi4_BasicReadWrite"
   classname="TbAxi4_BasicReadWrite"
   time="2.287"
>
</testcase>
<testcase 
   name="TbAxi4_RandomReadWrite"
   classname="TbAxi4_RandomReadWrite"
   time="2.843"
>
</testcase>
<testcase 
   name="TbAxi4_RandomReadWriteByte1"
   classname="TbAxi4_RandomReadWriteByte1"
   time="2.758"
>
</testcase>
<testcase 
   name="TbAxi4_SubordinateReadWrite1"
   classname="TbAxi4_SubordinateReadWrite1"
   time="2.272"
>
</testcase>
<testcase 
   name="TbAxi4_SubordinateReadWrite2"
   classname="TbAxi4_SubordinateReadWrite2"
   time="2.009"
>
</testcase>
<testcase 
   name="TbAxi4_SubordinateReadWrite3"
   classname="TbAxi4_SubordinateReadWrite3"
   time="2.305"
>
</testcase>
<testcase 
   name="TbAxi4_ReadWriteAsync1"
   classname="TbAxi4_ReadWriteAsync1"
   time="2.108"
>
</testcase>
<testcase 
   name="TbAxi4_ReadWriteAsync2"
   classname="TbAxi4_ReadWriteAsync2"
   time="1.733"
>
</testcase>
<testcase 
   name="TbAxi4_ReadWriteAsync3"
   classname="TbAxi4_ReadWriteAsync3"
   time="1.694"
>
</testcase>
<testcase 
   name="TbAxi4_ReadWriteAsync4"
   classname="TbAxi4_ReadWriteAsync4"
   time="1.781"
>
</testcase>
<testcase 
   name="TbAxi4_SubordinateReadWriteAsync1"
   classname="TbAxi4_SubordinateReadWriteAsync1"
   time="2.017"
>
</testcase>
<testcase 
   name="TbAxi4_SubordinateReadWriteAsync2"
   classname="TbAxi4_SubordinateReadWriteAsync2"
   time="2.344"
>
</testcase>
<testcase 
   name="TbAxi4_MultipleDriversManager"
   classname="TbAxi4_MultipleDriversManager"
   time="2.062"
>
</testcase>
<testcase 
   name="TbAxi4_MultipleDriversSubordinate"
   classname="TbAxi4_MultipleDriversSubordinate"
   time="1.818"
>
</testcase>
<testcase 
   name="TbAxi4_ReleaseAcquireSubordinate1"
   classname="TbAxi4_ReleaseAcquireSubordinate1"
   time="2.076"
>
</testcase>
<testcase 
   name="TbAxi4_AlertLogIDManager"
   classname="TbAxi4_AlertLogIDManager"
   time="2.249"
>
</testcase>
<testcase 
   name="TbAxi4_AlertLogIDSubordinate"
   classname="TbAxi4_AlertLogIDSubordinate"
   time="2.168"
>
</testcase>
<testcase 
   name="TbAxi4_TransactionApiSubordinate"
   classname="TbAxi4_TransactionApiSubordinate"
   time="1.916"
>
</testcase>
<testcase 
   name="TbAxi4_ValidTimingManager"
   classname="TbAxi4_ValidTimingManager"
   time="1.657"
>
</testcase>
<testcase 
   name="TbAxi4_ValidTimingSubordinate"
   classname="TbAxi4_ValidTimingSubordinate"
   time="1.895"
>
</testcase>
<testcase 
   name="TbAxi4_ReadyTimingSubordinate"
   classname="TbAxi4_ReadyTimingSubordinate"
   time="2.577"
>
</testcase>
<testcase 
   name="TbAxi4_AxiIfOptionsManagerSubordinate"
   classname="TbAxi4_AxiIfOptionsManagerSubordinate"
   time="1.839"
>
</testcase>
<testcase 
   name="TbAxi4_AxiXResp"
   classname="TbAxi4_AxiXResp"
   time="2.033"
>
</testcase>
<testcase 
   name="TbAxi4_AxiXResp2_Enum"
   classname="TbAxi4_AxiXResp2_Enum"
   time="1.962"
>
</testcase>
<testcase 
   name="TbAxi4_AxiXResp3_slv"
   classname="TbAxi4_AxiXResp3_slv"
   time="2.042"
>
</testcase>
<testcase 
   name="TbAxi4_TimeOutManager"
   classname="TbAxi4_TimeOutManager"
   time="2.604"
>
</testcase>
<testcase 
   name="TbAxi4_TimeOutSubordinate"
   classname="TbAxi4_TimeOutSubordinate"
   time="2.468"
>
</testcase>
<testcase 
   name="TbAxi4_MemoryReadWrite1"
   classname="TbAxi4_MemoryReadWrite1"
   time="2.025"
>
</testcase>
<testcase 
   name="TbAxi4_MemoryReadWrite2"
   classname="TbAxi4_MemoryReadWrite2"
   time="1.984"
>
</testcase>
<testcase 
   name="TbAxi4_MultipleDriversMemory"
   classname="TbAxi4_MultipleDriversMemory"
   time="1.996"
>
</testcase>
<testcase 
   name="TbAxi4_ReleaseAcquireMemory1"
   classname="TbAxi4_ReleaseAcquireMemory1"
   time="3.138"
>
</testcase>
<testcase 
   name="TbAxi4_AlertLogIDMemory"
   classname="TbAxi4_AlertLogIDMemory"
   time="2.027"
>
</testcase>
<testcase 
   name="TbAxi4_TimeOutMemory"
   classname="TbAxi4_TimeOutMemory"
   time="2.069"
>
</testcase>
<testcase 
   name="TbAxi4_TransactionApiManager"
   classname="TbAxi4_TransactionApiManager"
   time="1.809"
>
</testcase>
<testcase 
   name="TbAxi4_TransactionApiMemory"
   classname="TbAxi4_TransactionApiMemory"
   time="1.899"
>
</testcase>
<testcase 
   name="TbAxi4_ValidTimingMemory"
   classname="TbAxi4_ValidTimingMemory"
   time="2.665"
>
</testcase>
<testcase 
   name="TbAxi4_ReadyTimingManager"
   classname="TbAxi4_ReadyTimingManager"
   time="1.894"
>
</testcase>
<testcase 
   name="TbAxi4_ReadyTimingMemory"
   classname="TbAxi4_ReadyTimingMemory"
   time="2.049"
>
</testcase>
<testcase 
   name="TbAxi4_MemoryAsync"
   classname="TbAxi4_MemoryAsync"
   time="1.742"
>
</testcase>
<testcase 
   name="TbAxi4_MemoryBurst1"
   classname="TbAxi4_MemoryBurst1"
   time="1.983"
>
</testcase>
<testcase 
   name="TbAxi4_MemoryBurstAsync1"
   classname="TbAxi4_MemoryBurstAsync1"
   time="2.775"
>
</testcase>
<testcase 
   name="TbAxi4_MemoryBurstByte1"
   classname="TbAxi4_MemoryBurstByte1"
   time="2.053"
>
</testcase>
<testcase 
   name="TbAxi4_MemoryBurstPattern1"
   classname="TbAxi4_MemoryBurstPattern1"
   time="2.043"
>
</testcase>
<testcase 
   name="TbAxi4_MemoryBurstPattern2"
   classname="TbAxi4_MemoryBurstPattern2"
   time="2.025"
>
</testcase>
<testcase 
   name="TbAxi4_MemoryBurstBytePattern1"
   classname="TbAxi4_MemoryBurstBytePattern1"
   time="1.978"
>
</testcase>
<testcase 
   name="TbAxi4_MemoryBurstAsyncPattern1"
   classname="TbAxi4_MemoryBurstAsyncPattern1"
   time="2.717"
>
</testcase>
<testcase 
   name="TbAxi4_MemoryBurstAsyncPattern2"
   classname="TbAxi4_MemoryBurstAsyncPattern2"
   time="1.921"
>
</testcase>
<testcase 
   name="TbAxi4_MemoryBurstSparse1"
   classname="TbAxi4_MemoryBurstSparse1"
   time="1.920"
>
</testcase>
<testcase 
   name="TbAxi4_ReleaseAcquireManager1"
   classname="TbAxi4_ReleaseAcquireManager1"
   time="1.694"
>
</testcase>
<testcase 
   name="TbAxi4_AxSizeManagerMemory1"
   classname="TbAxi4_AxSizeManagerMemory1"
   time="1.979"
>
</testcase>
<testcase 
   name="TbAxi4_AxSizeManagerMemory2"
   classname="TbAxi4_AxSizeManagerMemory2"
   time="2.759"
>
</testcase>
<testcase 
   name="TbAxi4_AxiIfOptionsManagerMemory"
   classname="TbAxi4_AxiIfOptionsManagerMemory"
   time="1.888"
>
</testcase>
<testcase 
   name="TbAxi4_TransactionApiManagerBurst"
   classname="TbAxi4_TransactionApiManagerBurst"
   time="1.954"
>
</testcase>
<testcase 
   name="TbAxi4_TransactionApiMemoryBurst"
   classname="TbAxi4_TransactionApiMemoryBurst"
   time="1.708"
>
</testcase>
<testcase 
   name="TbAxi4_ValidTimingBurstManager"
   classname="TbAxi4_ValidTimingBurstManager"
   time="1.874"
>
</testcase>
<testcase 
   name="TbAxi4_ValidTimingBurstMemory"
   classname="TbAxi4_ValidTimingBurstMemory"
   time="2.827"
>
</testcase>
<testcase 
   name="TbAxi4_ManagerRandomTiming1"
   classname="TbAxi4_ManagerRandomTiming1"
   time="2.185"
>
</testcase>
<testcase 
   name="TbAxi4_ManagerRandomTimingAsync1"
   classname="TbAxi4_ManagerRandomTimingAsync1"
   time="2.157"
>
</testcase>
<testcase 
   name="TbAxi4_MemoryRandomTiming1"
   classname="TbAxi4_MemoryRandomTiming1"
   time="2.149"
>
</testcase>
<testcase 
   name="TbAxi4_MemoryRandomTimingAsync1"
   classname="TbAxi4_MemoryRandomTimingAsync1"
   time="3.396"
>
</testcase>
<testcase 
   name="TbAxi4_ManagerMemoryRandomTiming1"
   classname="TbAxi4_ManagerMemoryRandomTiming1"
   time="2.397"
>
</testcase>
<testcase 
   name="TbAxi4_SubordinateRandomTiming1"
   classname="TbAxi4_SubordinateRandomTiming1"
   time="2.221"
>
</testcase>
<testcase 
   name="TbAxi4_ManagerSubordinateRandomTiming1"
   classname="TbAxi4_ManagerSubordinateRandomTiming1"
   time="1.893"
>
</testcase>
<testcase 
   name="TbAxi4_ManagerSubordinateRandomTimingAsync1"
   classname="TbAxi4_ManagerSubordinateRandomTimingAsync1"
   time="3.131"
>
</testcase>
<testcase 
   name="TbAxi4_NoRandomTiming1"
   classname="TbAxi4_NoRandomTiming1"
   time="2.043"
>
</testcase>
<testcase 
   name="TbAxi4_Shared1"
   classname="TbAxi4_Shared1"
   time="2.164"
>
</testcase>
<testcase 
   name="TbAxi4_Separate1"
   classname="TbAxi4_Separate1"
   time="2.389"
>
</testcase>
</testsuite>
<testsuite 
   name="AxiStream"
   time="231.806"
   tests="65"
   failures="0"
   errors="0"
   skipped="0"
>
<testcase 
   name="TbStream_SendGetDemo1"
   classname="TbStream_SendGetDemo1"
   time="2.669"
>
</testcase>
<testcase 
   name="TbStream_SendGetPacketBurst1"
   classname="TbStream_SendGetPacketBurst1"
   time="1.481"
>
</testcase>
<testcase 
   name="TbStream_SendGetRandom1"
   classname="TbStream_SendGetRandom1"
   time="2.000"
>
</testcase>
<testcase 
   name="TbStream_SendGetRandom2"
   classname="TbStream_SendGetRandom2"
   time="2.109"
>
</testcase>
<testcase 
   name="TbStream_MultipleDriversTransmitter1"
   classname="TbStream_MultipleDriversTransmitter1"
   time="1.793"
>
</testcase>
<testcase 
   name="TbStream_MultipleDriversReceiver1"
   classname="TbStream_MultipleDriversReceiver1"
   time="2.050"
>
</testcase>
<testcase 
   name="TbStream_SendGet1"
   classname="TbStream_SendGet1"
   time="1.591"
>
</testcase>
<testcase 
   name="TbStream_ByteHandling1"
   classname="TbStream_ByteHandling1"
   time="1.782"
>
</testcase>
<testcase 
   name="TbStream_SendGetAsync1"
   classname="TbStream_SendGetAsync1"
   time="1.736"
>
</testcase>
<testcase 
   name="TbStream_ByteHandlingAsync1"
   classname="TbStream_ByteHandlingAsync1"
   time="1.653"
>
</testcase>
<testcase 
   name="TbStream_SendGetBurst1"
   classname="TbStream_SendGetBurst1"
   time="2.252"
>
</testcase>
<testcase 
   name="TbStream_SendGetBurstByte1"
   classname="TbStream_SendGetBurstByte1"
   time="1.880"
>
</testcase>
<testcase 
   name="TbStream_ByteHandlingBurst1"
   classname="TbStream_ByteHandlingBurst1"
   time="1.570"
>
</testcase>
<testcase 
   name="TbStream_ByteHandlingBurstByte1"
   classname="TbStream_ByteHandlingBurstByte1"
   time="1.776"
>
</testcase>
<testcase 
   name="TbStream_SendCheckBurst1"
   classname="TbStream_SendCheckBurst1"
   time="1.491"
>
</testcase>
<testcase 
   name="TbStream_SendCheckBurstByte1"
   classname="TbStream_SendCheckBurstByte1"
   time="1.635"
>
</testcase>
<testcase 
   name="TbStream_SendCheckBurstPattern1"
   classname="TbStream_SendCheckBurstPattern1"
   time="2.423"
>
</testcase>
<testcase 
   name="TbStream_SendCheckBurstPattern2"
   classname="TbStream_SendCheckBurstPattern2"
   time="2.208"
>
</testcase>
<testcase 
   name="TbStream_SendCheckBurstBytePattern1"
   classname="TbStream_SendCheckBurstBytePattern1"
   time="1.664"
>
</testcase>
<testcase 
   name="TbStream_SendCheckBurstAsyncPattern1"
   classname="TbStream_SendCheckBurstAsyncPattern1"
   time="1.635"
>
</testcase>
<testcase 
   name="TbStream_SendCheckBurstAsyncPattern2"
   classname="TbStream_SendCheckBurstAsyncPattern2"
   time="1.837"
>
</testcase>
<testcase 
   name="TbStream_SendCheckBurstByteAsyncPattern1"
   classname="TbStream_SendCheckBurstByteAsyncPattern1"
   time="1.861"
>
</testcase>
<testcase 
   name="TbStream_SendGetBurstAsync1"
   classname="TbStream_SendGetBurstAsync1"
   time="2.226"
>
</testcase>
<testcase 
   name="TbStream_SendGetBurstByteAsync1"
   classname="TbStream_SendGetBurstByteAsync1"
   time="1.928"
>
</testcase>
<testcase 
   name="TbStream_ByteHandlingBurstAsync1"
   classname="TbStream_ByteHandlingBurstAsync1"
   time="1.644"
>
</testcase>
<testcase 
   name="TbStream_ByteHandlingBurstByteAsync1"
   classname="TbStream_ByteHandlingBurstByteAsync1"
   time="1.620"
>
</testcase>
<testcase 
   name="TbStream_SendCheckBurstAsync1"
   classname="TbStream_SendCheckBurstAsync1"
   time="2.126"
>
</testcase>
<testcase 
   name="TbStream_SendCheckBurstByteAsync1"
   classname="TbStream_SendCheckBurstByteAsync1"
   time="2.371"
>
</testcase>
<testcase 
   name="TbStream_ReleaseAcquireTransmitter1"
   classname="TbStream_ReleaseAcquireTransmitter1"
   time="1.752"
>
</testcase>
<testcase 
   name="TbStream_ReleaseAcquireReceiver1"
   classname="TbStream_ReleaseAcquireReceiver1"
   time="1.778"
>
</testcase>
<testcase 
   name="TbStream_AxiSendGet2"
   classname="TbStream_AxiSendGet2"
   time="1.712"
>
</testcase>
<testcase 
   name="TbStream_AxiSetOptions1"
   classname="TbStream_AxiSetOptions1"
   time="1.798"
>
</testcase>
<testcase 
   name="TbStream_AxiTxValidDelay1"
   classname="TbStream_AxiTxValidDelay1"
   time="1.963"
>
</testcase>
<testcase 
   name="TbStream_AxiTiming1"
   classname="TbStream_AxiTiming1"
   time="2.193"
>
</testcase>
<testcase 
   name="TbStream_AxiTiming2"
   classname="TbStream_AxiTiming2"
   time="1.425"
>
</testcase>
<testcase 
   name="TbStream_AxiSetOptions2"
   classname="TbStream_AxiSetOptions2"
   time="1.770"
>
</testcase>
<testcase 
   name="TbStream_AxiSendGetAsync2"
   classname="TbStream_AxiSendGetAsync2"
   time="2.025"
>
</testcase>
<testcase 
   name="TbStream_AxiSetOptionsAsync1"
   classname="TbStream_AxiSetOptionsAsync1"
   time="1.989"
>
</testcase>
<testcase 
   name="TbStream_AxiSetOptionsAsync2"
   classname="TbStream_AxiSetOptionsAsync2"
   time="2.372"
>
</testcase>
<testcase 
   name="TbStream_WaitForGet1"
   classname="TbStream_WaitForGet1"
   time="1.593"
>
</testcase>
<testcase 
   name="TbStream_WaitForGetAsync1"
   classname="TbStream_WaitForGetAsync1"
   time="1.832"
>
</testcase>
<testcase 
   name="TbStream_AxiSendGetBurst2"
   classname="TbStream_AxiSendGetBurst2"
   time="1.596"
>
</testcase>
<testcase 
   name="TbStream_AxiLastParam1"
   classname="TbStream_AxiLastParam1"
   time="1.997"
>
</testcase>
<testcase 
   name="TbStream_AxiLastOption1"
   classname="TbStream_AxiLastOption1"
   time="3.171"
>
</testcase>
<testcase 
   name="TbStream_AxiSetOptionsBurst1"
   classname="TbStream_AxiSetOptionsBurst1"
   time="1.889"
>
</testcase>
<testcase 
   name="TbStream_AxiTxValidDelayBurst1"
   classname="TbStream_AxiTxValidDelayBurst1"
   time="1.852"
>
</testcase>
<testcase 
   name="TbStream_AxiTimingBurst2"
   classname="TbStream_AxiTimingBurst2"
   time="1.657"
>
</testcase>
<testcase 
   name="TbStream_AxiSetOptionsBurst2"
   classname="TbStream_AxiSetOptionsBurst2"
   time="1.793"
>
</testcase>
<testcase 
   name="TbStream_AxiSetOptionsBurstByte2"
   classname="TbStream_AxiSetOptionsBurstByte2"
   time="2.492"
>
</testcase>
<testcase 
   name="TbStream_AxiSetOptionsBurst3"
   classname="TbStream_AxiSetOptionsBurst3"
   time="2.409"
>
</testcase>
<testcase 
   name="TbStream_AxiBurstNoLast1"
   classname="TbStream_AxiBurstNoLast1"
   time="2.140"
>
</testcase>
<testcase 
   name="TbStream_AxiSetOptionsBurstCheck3"
   classname="TbStream_AxiSetOptionsBurstCheck3"
   time="1.821"
>
</testcase>
<testcase 
   name="TbStream_AxiSendCheckBurstPattern1"
   classname="TbStream_AxiSendCheckBurstPattern1"
   time="1.955"
>
</testcase>
<testcase 
   name="TbStream_AxiSendCheckBurstPattern2"
   classname="TbStream_AxiSendCheckBurstPattern2"
   time="2.504"
>
</testcase>
<testcase 
   name="TbStream_AxiSendCheckBurstAsyncPattern1"
   classname="TbStream_AxiSendCheckBurstAsyncPattern1"
   time="2.011"
>
</testcase>
<testcase 
   name="TbStream_AxiSendCheckBurstAsyncPattern2"
   classname="TbStream_AxiSendCheckBurstAsyncPattern2"
   time="2.086"
>
</testcase>
<testcase 
   name="TbStream_AxiSendGetBurstAsync2"
   classname="TbStream_AxiSendGetBurstAsync2"
   time="1.846"
>
</testcase>
<testcase 
   name="TbStream_AxiLastParamAsync1"
   classname="TbStream_AxiLastParamAsync1"
   time="1.949"
>
</testcase>
<testcase 
   name="TbStream_AxiLastOptionAsync1"
   classname="TbStream_AxiLastOptionAsync1"
   time="2.716"
>
</testcase>
<testcase 
   name="TbStream_AxiSetOptionsBurstAsync1"
   classname="TbStream_AxiSetOptionsBurstAsync1"
   time="1.858"
>
</testcase>
<testcase 
   name="TbStream_AxiSetOptionsBurstAsync2"
   classname="TbStream_AxiSetOptionsBurstAsync2"
   time="1.774"
>
</testcase>
<testcase 
   name="TbStream_AxiSetOptionsBurstByteAsync2"
   classname="TbStream_AxiSetOptionsBurstByteAsync2"
   time="1.726"
>
</testcase>
<testcase 
   name="TbStream_AxiSetOptionsBurstAsync3"
   classname="TbStream_AxiSetOptionsBurstAsync3"
   time="1.932"
>
</testcase>
<testcase 
   name="TbStream_AxiBurstAsyncNoLast1"
   classname="TbStream_AxiBurstAsyncNoLast1"
   time="2.148"
>
</testcase>
<testcase 
   name="TbStream_AxiSetOptionsBurstCheckAsync3"
   classname="TbStream_AxiSetOptionsBurstCheckAsync3"
   time="2.079"
>
</testcase>
</testsuite>
<testsuite 
   name="Uart"
   time="47.669"
   tests="9"
   failures="0"
   errors="0"
   skipped="0"
>
<testcase 
   name="TbUart_SendGet1"
   classname="TbUart_SendGet1"
   time="2.986"
>
</testcase>
<testcase 
   name="TbUart_SendGet2"
   classname="TbUart_SendGet2"
   time="2.241"
>
</testcase>
<testcase 
   name="TbUart_Options1"
   classname="TbUart_Options1"
   time="1.878"
>
</testcase>
<testcase 
   name="TbUart_Options2"
   classname="TbUart_Options2"
   time="1.803"
>
</testcase>
<testcase 
   name="TbUart_Checkers1"
   classname="TbUart_Checkers1"
   time="2.146"
>
</testcase>
<testcase 
   name="TbUart_Checkers2"
   classname="TbUart_Checkers2"
   time="1.919"
>
</testcase>
<testcase 
   name="TbUart_Scoreboard1"
   classname="TbUart_Scoreboard1"
   time="4.778"
>
</testcase>
<testcase 
   name="TbUart_Overload1"
   classname="TbUart_Overload1"
   time="1.947"
>
</testcase>
<testcase 
   name="TbUart_SingleProcess_1"
   classname="TbUart_SingleProcess_1"
   time="2.365"
>
</testcase>
</testsuite>
<testsuite 
   name="DpRam"
   time="13.592"
   tests="1"
   failures="0"
   errors="0"
   skipped="0"
>
<testcase 
   name="TbDpRam_BasicReadWrite"
   classname="TbDpRam_BasicReadWrite"
   time="2.123"
>
</testcase>
</testsuite>
<testsuite 
   name="Ethernet"
   time="21.854"
   tests="6"
   failures="0"
   errors="0"
   skipped="0"
>
<testcase 
   name="Tb_xMii1"
   classname="Tb_xMii1"
   time="2.693"
>
</testcase>
<testcase 
   name="Tb_xMii1"
   classname="Tb_xMii1"
   time="1.883"
>
</testcase>
<testcase 
   name="Tb_xMii1"
   classname="Tb_xMii1"
   time="2.209"
>
</testcase>
<testcase 
   name="Tb_xMii1"
   classname="Tb_xMii1"
   time="2.684"
>
</testcase>
<testcase 
   name="Tb_xMii1"
   classname="Tb_xMii1"
   time="2.150"
>
</testcase>
<testcase 
   name="Tb_xMii1"
   classname="Tb_xMii1"
   time="2.251"
>
</testcase>
</testsuite>
<testsuite 
   name="Axi4Full_VTI"
   time="270.266"
   tests="68"
   failures="0"
   errors="0"
   skipped="0"
>
<testcase 
   name="TbAxi4_DemoMemoryReadWrite1"
   classname="TbAxi4_DemoMemoryReadWrite1"
   time="3.066"
>
</testcase>
<testcase 
   name="TbAxi4_BasicReadWrite"
   classname="TbAxi4_BasicReadWrite"
   time="1.782"
>
</testcase>
<testcase 
   name="TbAxi4_RandomReadWrite"
   classname="TbAxi4_RandomReadWrite"
   time="3.529"
>
</testcase>
<testcase 
   name="TbAxi4_RandomReadWriteByte1"
   classname="TbAxi4_RandomReadWriteByte1"
   time="2.511"
>
</testcase>
<testcase 
   name="TbAxi4_SubordinateReadWrite1"
   classname="TbAxi4_SubordinateReadWrite1"
   time="1.941"
>
</testcase>
<testcase 
   name="TbAxi4_SubordinateReadWrite2"
   classname="TbAxi4_SubordinateReadWrite2"
   time="1.744"
>
</testcase>
<testcase 
   name="TbAxi4_SubordinateReadWrite3"
   classname="TbAxi4_SubordinateReadWrite3"
   time="2.018"
>
</testcase>
<testcase 
   name="TbAxi4_ReadWriteAsync1"
   classname="TbAxi4_ReadWriteAsync1"
   time="2.321"
>
</testcase>
<testcase 
   name="TbAxi4_ReadWriteAsync2"
   classname="TbAxi4_ReadWriteAsync2"
   time="1.810"
>
</testcase>
<testcase 
   name="TbAxi4_ReadWriteAsync3"
   classname="TbAxi4_ReadWriteAsync3"
   time="1.835"
>
</testcase>
<testcase 
   name="TbAxi4_ReadWriteAsync4"
   classname="TbAxi4_ReadWriteAsync4"
   time="1.898"
>
</testcase>
<testcase 
   name="TbAxi4_SubordinateReadWriteAsync1"
   classname="TbAxi4_SubordinateReadWriteAsync1"
   time="2.328"
>
</testcase>
<testcase 
   name="TbAxi4_SubordinateReadWriteAsync2"
   classname="TbAxi4_SubordinateReadWriteAsync2"
   time="2.768"
>
</testcase>
<testcase 
   name="TbAxi4_MultipleDriversManager"
   classname="TbAxi4_MultipleDriversManager"
   time="2.165"
>
</testcase>
<testcase 
   name="TbAxi4_MultipleDriversSubordinate"
   classname="TbAxi4_MultipleDriversSubordinate"
   time="2.484"
>
</testcase>
<testcase 
   name="TbAxi4_ReleaseAcquireSubordinate1"
   classname="TbAxi4_ReleaseAcquireSubordinate1"
   time="1.831"
>
</testcase>
<testcase 
   name="TbAxi4_AlertLogIDManager"
   classname="TbAxi4_AlertLogIDManager"
   time="1.842"
>
</testcase>
<testcase 
   name="TbAxi4_AlertLogIDSubordinate"
   classname="TbAxi4_AlertLogIDSubordinate"
   time="2.210"
>
</testcase>
<testcase 
   name="TbAxi4_TransactionApiSubordinate"
   classname="TbAxi4_TransactionApiSubordinate"
   time="2.125"
>
</testcase>
<testcase 
   name="TbAxi4_ValidTimingManager"
   classname="TbAxi4_ValidTimingManager"
   time="2.066"
>
</testcase>
<testcase 
   name="TbAxi4_ValidTimingSubordinate"
   classname="TbAxi4_ValidTimingSubordinate"
   time="2.600"
>
</testcase>
<testcase 
   name="TbAxi4_ReadyTimingSubordinate"
   classname="TbAxi4_ReadyTimingSubordinate"
   time="2.157"
>
</testcase>
<testcase 
   name="TbAxi4_AxiIfOptionsManagerSubordinate"
   classname="TbAxi4_AxiIfOptionsManagerSubordinate"
   time="2.067"
>
</testcase>
<testcase 
   name="TbAxi4_AxiXResp"
   classname="TbAxi4_AxiXResp"
   time="2.668"
>
</testcase>
<testcase 
   name="TbAxi4_AxiXResp2_Enum"
   classname="TbAxi4_AxiXResp2_Enum"
   time="2.262"
>
</testcase>
<testcase 
   name="TbAxi4_AxiXResp3_slv"
   classname="TbAxi4_AxiXResp3_slv"
   time="2.300"
>
</testcase>
<testcase 
   name="TbAxi4_TimeOutManager"
   classname="TbAxi4_TimeOutManager"
   time="2.226"
>
</testcase>
<testcase 
   name="TbAxi4_TimeOutSubordinate"
   classname="TbAxi4_TimeOutSubordinate"
   time="2.060"
>
</testcase>
<testcase 
   name="TbAxi4_MemoryReadWrite1"
   classname="TbAxi4_MemoryReadWrite1"
   time="2.492"
>
</testcase>
<testcase 
   name="TbAxi4_MemoryReadWrite2"
   classname="TbAxi4_MemoryReadWrite2"
   time="1.865"
>
</testcase>
<testcase 
   name="TbAxi4_MultipleDriversMemory"
   classname="TbAxi4_MultipleDriversMemory"
   time="2.065"
>
</testcase>
<testcase 
   name="TbAxi4_ReleaseAcquireMemory1"
   classname="TbAxi4_ReleaseAcquireMemory1"
   time="1.738"
>
</testcase>
<testcase 
   name="TbAxi4_AlertLogIDMemory"
   classname="TbAxi4_AlertLogIDMemory"
   time="1.936"
>
</testcase>
<testcase 
   name="TbAxi4_TimeOutMemory"
   classname="TbAxi4_TimeOutMemory"
   time="2.588"
>
</testcase>
<testcase 
   name="TbAxi4_TransactionApiManager"
   classname="TbAxi4_TransactionApiManager"
   time="2.299"
>
</testcase>
<testcase 
   name="TbAxi4_TransactionApiMemory"
   classname="TbAxi4_TransactionApiMemory"
   time="2.478"
>
</testcase>
<testcase 
   name="TbAxi4_ValidTimingMemory"
   classname="TbAxi4_ValidTimingMemory"
   time="1.964"
>
</testcase>
<testcase 
   name="TbAxi4_ReadyTimingManager"
   classname="TbAxi4_ReadyTimingManager"
   time="2.222"
>
</testcase>
<testcase 
   name="TbAxi4_ReadyTimingMemory"
   classname="TbAxi4_ReadyTimingMemory"
   time="2.629"
>
</testcase>
<testcase 
   name="TbAxi4_MemoryAsync"
   classname="TbAxi4_MemoryAsync"
   time="1.950"
>
</testcase>
<testcase 
   name="TbAxi4_MemoryBurst1"
   classname="TbAxi4_MemoryBurst1"
   time="1.954"
>
</testcase>
<testcase 
   name="TbAxi4_MemoryBurstAsync1"
   classname="TbAxi4_MemoryBurstAsync1"
   time="1.751"
>
</testcase>
<testcase 
   name="TbAxi4_MemoryBurstByte1"
   classname="TbAxi4_MemoryBurstByte1"
   time="1.854"
>
</testcase>
<testcase 
   name="TbAxi4_MemoryBurstPattern1"
   classname="TbAxi4_MemoryBurstPattern1"
   time="2.479"
>
</testcase>
<testcase 
   name="TbAxi4_MemoryBurstPattern2"
   classname="TbAxi4_MemoryBurstPattern2"
   time="2.359"
>
</testcase>
<testcase 
   name="TbAxi4_MemoryBurstBytePattern1"
   classname="TbAxi4_MemoryBurstBytePattern1"
   time="1.951"
>
</testcase>
<testcase 
   name="TbAxi4_MemoryBurstAsyncPattern1"
   classname="TbAxi4_MemoryBurstAsyncPattern1"
   time="1.749"
>
</testcase>
<testcase 
   name="TbAxi4_MemoryBurstAsyncPattern2"
   classname="TbAxi4_MemoryBurstAsyncPattern2"
   time="2.045"
>
</testcase>
<testcase 
   name="TbAxi4_MemoryBurstSparse1"
   classname="TbAxi4_MemoryBurstSparse1"
   time="2.533"
>
</testcase>
<testcase 
   name="TbAxi4_ReleaseAcquireManager1"
   classname="TbAxi4_ReleaseAcquireManager1"
   time="2.042"
>
</testcase>
<testcase 
   name="TbAxi4_AxSizeManagerMemory1"
   classname="TbAxi4_AxSizeManagerMemory1"
   time="2.221"
>
</testcase>
<testcase 
   name="TbAxi4_AxSizeManagerMemory2"
   classname="TbAxi4_AxSizeManagerMemory2"
   time="1.982"
>
</testcase>
<testcase 
   name="TbAxi4_AxiIfOptionsManagerMemory"
   classname="TbAxi4_AxiIfOptionsManagerMemory"
   time="2.314"
>
</testcase>
<testcase 
   name="TbAxi4_TransactionApiManagerBurst"
   classname="TbAxi4_TransactionApiManagerBurst"
   time="2.682"
>
</testcase>
<testcase 
   name="TbAxi4_TransactionApiMemoryBurst"
   classname="TbAxi4_TransactionApiMemoryBurst"
   time="2.201"
>
</testcase>
<testcase 
   name="TbAxi4_ValidTimingBurstManager"
   classname="TbAxi4_ValidTimingBurstManager"
   time="2.277"
>
</testcase>
<testcase 
   name="TbAxi4_ValidTimingBurstMemory"
   classname="TbAxi4_ValidTimingBurstMemory"
   time="2.139"
>
</testcase>
<testcase 
   name="TbAxi4_ManagerRandomTiming1"
   classname="TbAxi4_ManagerRandomTiming1"
   time="2.881"
>
</testcase>
<testcase 
   name="TbAxi4_ManagerRandomTimingAsync1"
   classname="TbAxi4_ManagerRandomTimingAsync1"
   time="2.474"
>
</testcase>
<testcase 
   name="TbAxi4_MemoryRandomTiming1"
   classname="TbAxi4_MemoryRandomTiming1"
   time="2.824"
>
</testcase>
<testcase 
   name="TbAxi4_MemoryRandomTimingAsync1"
   classname="TbAxi4_MemoryRandomTimingAsync1"
   time="2.688"
>
</testcase>
<testcase 
   name="TbAxi4_ManagerMemoryRandomTiming1"
   classname="TbAxi4_ManagerMemoryRandomTiming1"
   time="2.688"
>
</testcase>
<testcase 
   name="TbAxi4_SubordinateRandomTiming1"
   classname="TbAxi4_SubordinateRandomTiming1"
   time="2.044"
>
</testcase>
<testcase 
   name="TbAxi4_ManagerSubordinateRandomTiming1"
   classname="TbAxi4_ManagerSubordinateRandomTiming1"
   time="2.127"
>
</testcase>
<testcase 
   name="TbAxi4_ManagerSubordinateRandomTimingAsync1"
   classname="TbAxi4_ManagerSubordinateRandomTimingAsync1"
   time="2.042"
>
</testcase>
<testcase 
   name="TbAxi4_NoRandomTiming1"
   classname="TbAxi4_NoRandomTiming1"
   time="2.103"
>
</testcase>
<testcase 
   name="TbAxi4_Shared1"
   classname="TbAxi4_Shared1"
   time="2.005"
>
</testcase>
<testcase 
   name="TbAxi4_Separate1"
   classname="TbAxi4_Separate1"
   time="2.093"
>
</testcase>
</testsuite>
<testsuite 
   name="AxiStream_VTI"
   time="252.278"
   tests="65"
   failures="0"
   errors="0"
   skipped="0"
>
<testcase 
   name="TbStream_SendGetDemo1"
   classname="TbStream_SendGetDemo1"
   time="2.818"
>
</testcase>
<testcase 
   name="TbStream_SendGetPacketBurst1"
   classname="TbStream_SendGetPacketBurst1"
   time="2.269"
>
</testcase>
<testcase 
   name="TbStream_SendGetRandom1"
   classname="TbStream_SendGetRandom1"
   time="2.747"
>
</testcase>
<testcase 
   name="TbStream_SendGetRandom2"
   classname="TbStream_SendGetRandom2"
   time="2.666"
>
</testcase>
<testcase 
   name="TbStream_MultipleDriversTransmitter1"
   classname="TbStream_MultipleDriversTransmitter1"
   time="2.183"
>
</testcase>
<testcase 
   name="TbStream_MultipleDriversReceiver1"
   classname="TbStream_MultipleDriversReceiver1"
   time="1.500"
>
</testcase>
<testcase 
   name="TbStream_SendGet1"
   classname="TbStream_SendGet1"
   time="2.077"
>
</testcase>
<testcase 
   name="TbStream_ByteHandling1"
   classname="TbStream_ByteHandling1"
   time="2.190"
>
</testcase>
<testcase 
   name="TbStream_SendGetAsync1"
   classname="TbStream_SendGetAsync1"
   time="2.114"
>
</testcase>
<testcase 
   name="TbStream_ByteHandlingAsync1"
   classname="TbStream_ByteHandlingAsync1"
   time="1.808"
>
</testcase>
<testcase 
   name="TbStream_SendGetBurst1"
   classname="TbStream_SendGetBurst1"
   time="1.873"
>
</testcase>
<testcase 
   name="TbStream_SendGetBurstByte1"
   classname="TbStream_SendGetBurstByte1"
   time="1.822"
>
</testcase>
<testcase 
   name="TbStream_ByteHandlingBurst1"
   classname="TbStream_ByteHandlingBurst1"
   time="2.338"
>
</testcase>
<testcase 
   name="TbStream_ByteHandlingBurstByte1"
   classname="TbStream_ByteHandlingBurstByte1"
   time="1.444"
>
</testcase>
<testcase 
   name="TbStream_SendCheckBurst1"
   classname="TbStream_SendCheckBurst1"
   time="1.831"
>
</testcase>
<testcase 
   name="TbStream_SendCheckBurstByte1"
   classname="TbStream_SendCheckBurstByte1"
   time="1.578"
>
</testcase>
<testcase 
   name="TbStream_SendCheckBurstPattern1"
   classname="TbStream_SendCheckBurstPattern1"
   time="1.878"
>
</testcase>
<testcase 
   name="TbStream_SendCheckBurstPattern2"
   classname="TbStream_SendCheckBurstPattern2"
   time="2.497"
>
</testcase>
<testcase 
   name="TbStream_SendCheckBurstBytePattern1"
   classname="TbStream_SendCheckBurstBytePattern1"
   time="1.811"
>
</testcase>
<testcase 
   name="TbStream_SendCheckBurstAsyncPattern1"
   classname="TbStream_SendCheckBurstAsyncPattern1"
   time="1.887"
>
</testcase>
<testcase 
   name="TbStream_SendCheckBurstAsyncPattern2"
   classname="TbStream_SendCheckBurstAsyncPattern2"
   time="1.714"
>
</testcase>
<testcase 
   name="TbStream_SendCheckBurstByteAsyncPattern1"
   classname="TbStream_SendCheckBurstByteAsyncPattern1"
   time="1.686"
>
</testcase>
<testcase 
   name="TbStream_SendGetBurstAsync1"
   classname="TbStream_SendGetBurstAsync1"
   time="2.157"
>
</testcase>
<testcase 
   name="TbStream_SendGetBurstByteAsync1"
   classname="TbStream_SendGetBurstByteAsync1"
   time="1.647"
>
</testcase>
<testcase 
   name="TbStream_ByteHandlingBurstAsync1"
   classname="TbStream_ByteHandlingBurstAsync1"
   time="1.800"
>
</testcase>
<testcase 
   name="TbStream_ByteHandlingBurstByteAsync1"
   classname="TbStream_ByteHandlingBurstByteAsync1"
   time="1.785"
>
</testcase>
<testcase 
   name="TbStream_SendCheckBurstAsync1"
   classname="TbStream_SendCheckBurstAsync1"
   time="1.911"
>
</testcase>
<testcase 
   name="TbStream_SendCheckBurstByteAsync1"
   classname="TbStream_SendCheckBurstByteAsync1"
   time="2.383"
>
</testcase>
<testcase 
   name="TbStream_ReleaseAcquireTransmitter1"
   classname="TbStream_ReleaseAcquireTransmitter1"
   time="1.948"
>
</testcase>
<testcase 
   name="TbStream_ReleaseAcquireReceiver1"
   classname="TbStream_ReleaseAcquireReceiver1"
   time="1.854"
>
</testcase>
<testcase 
   name="TbStream_AxiSendGet2"
   classname="TbStream_AxiSendGet2"
   time="1.750"
>
</testcase>
<testcase 
   name="TbStream_AxiSetOptions1"
   classname="TbStream_AxiSetOptions1"
   time="1.678"
>
</testcase>
<testcase 
   name="TbStream_AxiTxValidDelay1"
   classname="TbStream_AxiTxValidDelay1"
   time="2.032"
>
</testcase>
<testcase 
   name="TbStream_AxiTiming1"
   classname="TbStream_AxiTiming1"
   time="1.629"
>
</testcase>
<testcase 
   name="TbStream_AxiTiming2"
   classname="TbStream_AxiTiming2"
   time="2.082"
>
</testcase>
<testcase 
   name="TbStream_AxiSetOptions2"
   classname="TbStream_AxiSetOptions2"
   time="1.943"
>
</testcase>
<testcase 
   name="TbStream_AxiSendGetAsync2"
   classname="TbStream_AxiSendGetAsync2"
   time="1.575"
>
</testcase>
<testcase 
   name="TbStream_AxiSetOptionsAsync1"
   classname="TbStream_AxiSetOptionsAsync1"
   time="2.147"
>
</testcase>
<testcase 
   name="TbStream_AxiSetOptionsAsync2"
   classname="TbStream_AxiSetOptionsAsync2"
   time="1.875"
>
</testcase>
<testcase 
   name="TbStream_WaitForGet1"
   classname="TbStream_WaitForGet1"
   time="1.923"
>
</testcase>
<testcase 
   name="TbStream_WaitForGetAsync1"
   classname="TbStream_WaitForGetAsync1"
   time="1.682"
>
</testcase>
<testcase 
   name="TbStream_AxiSendGetBurst2"
   classname="TbStream_AxiSendGetBurst2"
   time="2.143"
>
</testcase>
<testcase 
   name="TbStream_AxiLastParam1"
   classname="TbStream_AxiLastParam1"
   time="2.615"
>
</testcase>
<testcase 
   name="TbStream_AxiLastOption1"
   classname="TbStream_AxiLastOption1"
   time="2.103"
>
</testcase>
<testcase 
   name="TbStream_AxiSetOptionsBurst1"
   classname="TbStream_AxiSetOptionsBurst1"
   time="1.978"
>
</testcase>
<testcase 
   name="TbStream_AxiTxValidDelayBurst1"
   classname="TbStream_AxiTxValidDelayBurst1"
   time="1.610"
>
</testcase>
<testcase 
   name="TbStream_AxiTimingBurst2"
   classname="TbStream_AxiTimingBurst2"
   time="1.553"
>
</testcase>
<testcase 
   name="TbStream_AxiSetOptionsBurst2"
   classname="TbStream_AxiSetOptionsBurst2"
   time="1.991"
>
</testcase>
<testcase 
   name="TbStream_AxiSetOptionsBurstByte2"
   classname="TbStream_AxiSetOptionsBurstByte2"
   time="1.871"
>
</testcase>
<testcase 
   name="TbStream_AxiSetOptionsBurst3"
   classname="TbStream_AxiSetOptionsBurst3"
   time="1.955"
>
</testcase>
<testcase 
   name="TbStream_AxiBurstNoLast1"
   classname="TbStream_AxiBurstNoLast1"
   time="1.686"
>
</testcase>
<testcase 
   name="TbStream_AxiSetOptionsBurstCheck3"
   classname="TbStream_AxiSetOptionsBurstCheck3"
   time="1.929"
>
</testcase>
<testcase 
   name="TbStream_AxiSendCheckBurstPattern1"
   classname="TbStream_AxiSendCheckBurstPattern1"
   time="2.330"
>
</testcase>
<testcase 
   name="TbStream_AxiSendCheckBurstPattern2"
   classname="TbStream_AxiSendCheckBurstPattern2"
   time="2.138"
>
</testcase>
<testcase 
   name="TbStream_AxiSendCheckBurstAsyncPattern1"
   classname="TbStream_AxiSendCheckBurstAsyncPattern1"
   time="1.717"
>
</testcase>
<testcase 
   name="TbStream_AxiSendCheckBurstAsyncPattern2"
   classname="TbStream_AxiSendCheckBurstAsyncPattern2"
   time="1.785"
>
</testcase>
<testcase 
   name="TbStream_AxiSendGetBurstAsync2"
   classname="TbStream_AxiSendGetBurstAsync2"
   time="1.876"
>
</testcase>
<testcase 
   name="TbStream_AxiLastParamAsync1"
   classname="TbStream_AxiLastParamAsync1"
   time="2.723"
>
</testcase>
<testcase 
   name="TbStream_AxiLastOptionAsync1"
   classname="TbStream_AxiLastOptionAsync1"
   time="2.129"
>
</testcase>
<testcase 
   name="TbStream_AxiSetOptionsBurstAsync1"
   classname="TbStream_AxiSetOptionsBurstAsync1"
   time="1.727"
>
</testcase>
<testcase 
   name="TbStream_AxiSetOptionsBurstAsync2"
   classname="TbStream_AxiSetOptionsBurstAsync2"
   time="1.690"
>
</testcase>
<testcase 
   name="TbStream_AxiSetOptionsBurstByteAsync2"
   classname="TbStream_AxiSetOptionsBurstByteAsync2"
   time="1.833"
>
</testcase>
<testcase 
   name="TbStream_AxiSetOptionsBurstAsync3"
   classname="TbStream_AxiSetOptionsBurstAsync3"
   time="2.008"
>
</testcase>
<testcase 
   name="TbStream_AxiBurstAsyncNoLast1"
   classname="TbStream_AxiBurstAsyncNoLast1"
   time="2.062"
>
</testcase>
<testcase 
   name="TbStream_AxiSetOptionsBurstCheckAsync3"
   classname="TbStream_AxiSetOptionsBurstCheckAsync3"
   time="1.824"
>
</testcase>
</testsuite>
</testsuites>
