<?xml version="1.0" encoding="utf-8"?>
<testsuites 
   name="OsvvmLibraries_RunAllTestsWithCoverage"
   timestamp="2024-05-30 - 10:22:45 (PDT)"
   id="2024.05"
   time="1169.940"
   tests="421"
   failures="0"
   errors="0"
   skipped="0"
>
<testsuite 
   name="StreamTransactionPkg"
   time="37.490"
   tests="15"
   failures="0"
   errors="0"
   skipped="0"
>
<testcase 
   name="TbStream_SendGet1"
   classname="StreamTransactionPkg"
   time="2.550"
>
</testcase>
<testcase 
   name="TbStream_SendGetAsync1"
   classname="StreamTransactionPkg"
   time="1.167"
>
</testcase>
<testcase 
   name="TbStream_SendGetAll1"
   classname="StreamTransactionPkg"
   time="1.429"
>
</testcase>
<testcase 
   name="TbStream_SendGetAllAsync1"
   classname="StreamTransactionPkg"
   time="1.259"
>
</testcase>
<testcase 
   name="TbAxi_SendGetAllParam1"
   classname="StreamTransactionPkg"
   time="1.220"
>
</testcase>
<testcase 
   name="TbAxi_SendGetAllParamAsync1"
   classname="StreamTransactionPkg"
   time="1.252"
>
</testcase>
<testcase 
   name="TbStream_GotBurst1"
   classname="StreamTransactionPkg"
   time="1.174"
>
</testcase>
<testcase 
   name="TbStream_SendCheckBurstVector1"
   classname="StreamTransactionPkg"
   time="1.265"
>
</testcase>
<testcase 
   name="TbStream_SendCheckBurstVectorAsync1"
   classname="StreamTransactionPkg"
   time="1.208"
>
</testcase>
<testcase 
   name="TbStream_ReleaseAcquireTransmitter1"
   classname="StreamTransactionPkg"
   time="1.672"
>
</testcase>
<testcase 
   name="TbStream_ReleaseAcquireReceiver1"
   classname="StreamTransactionPkg"
   time="1.354"
>
</testcase>
<testcase 
   name="TbStream_MultipleDriversTransmitter1"
   classname="StreamTransactionPkg"
   time="1.658"
>
</testcase>
<testcase 
   name="TbStream_MultipleDriversReceiver1"
   classname="StreamTransactionPkg"
   time="1.681"
>
</testcase>
<testcase 
   name="TbAxi_SetBurstMode1"
   classname="StreamTransactionPkg"
   time="1.341"
>
</testcase>
<testcase 
   name="TbAxi_SetModelOptions1"
   classname="StreamTransactionPkg"
   time="1.343"
>
</testcase>
</testsuite>
<testsuite 
   name="StreamTransactionArrayPkg"
   time="30.012"
   tests="13"
   failures="0"
   errors="0"
   skipped="0"
>
<testcase 
   name="TbStream_SendGet1"
   classname="StreamTransactionArrayPkg"
   time="1.396"
>
</testcase>
<testcase 
   name="TbStream_SendGetAsync1"
   classname="StreamTransactionArrayPkg"
   time="1.190"
>
</testcase>
<testcase 
   name="TbStream_SendGetAll1"
   classname="StreamTransactionArrayPkg"
   time="1.310"
>
</testcase>
<testcase 
   name="TbStream_SendGetAllAsync1"
   classname="StreamTransactionArrayPkg"
   time="1.502"
>
</testcase>
<testcase 
   name="TbAxi_SendGetAllParam1"
   classname="StreamTransactionArrayPkg"
   time="1.236"
>
</testcase>
<testcase 
   name="TbAxi_SendGetAllParamAsync1"
   classname="StreamTransactionArrayPkg"
   time="1.595"
>
</testcase>
<testcase 
   name="TbStream_GotBurst1"
   classname="StreamTransactionArrayPkg"
   time="1.156"
>
</testcase>
<testcase 
   name="TbStream_ReleaseAcquireTransmitter1"
   classname="StreamTransactionArrayPkg"
   time="1.351"
>
</testcase>
<testcase 
   name="TbStream_ReleaseAcquireReceiver1"
   classname="StreamTransactionArrayPkg"
   time="1.244"
>
</testcase>
<testcase 
   name="TbStream_MultipleDriversTransmitter1"
   classname="StreamTransactionArrayPkg"
   time="1.246"
>
</testcase>
<testcase 
   name="TbStream_MultipleDriversReceiver1"
   classname="StreamTransactionArrayPkg"
   time="1.306"
>
</testcase>
<testcase 
   name="TbAxi_SetBurstMode1"
   classname="StreamTransactionArrayPkg"
   time="1.208"
>
</testcase>
<testcase 
   name="TbAxi_SetModelOptions1"
   classname="StreamTransactionArrayPkg"
   time="1.262"
>
</testcase>
</testsuite>
<testsuite 
   name="AddressBusTransactionPkg"
   time="113.969"
   tests="42"
   failures="0"
   errors="0"
   skipped="0"
>
<testcase 
   name="TbAxi4_TransactionApiManager"
   classname="AddressBusTransactionPkg"
   time="1.492"
>
</testcase>
<testcase 
   name="TbAxi4_AlertLogIDManager"
   classname="AddressBusTransactionPkg"
   time="1.358"
>
</testcase>
<testcase 
   name="TbAxi4_ReleaseAcquireManager1"
   classname="AddressBusTransactionPkg"
   time="1.397"
>
</testcase>
<testcase 
   name="TbAxi4_MultipleDriversManager"
   classname="AddressBusTransactionPkg"
   time="1.378"
>
</testcase>
<testcase 
   name="TbAxi4_BasicReadWrite"
   classname="AddressBusTransactionPkg"
   time="1.416"
>
</testcase>
<testcase 
   name="TbAxi4_MemoryReadWrite1"
   classname="AddressBusTransactionPkg"
   time="1.402"
>
</testcase>
<testcase 
   name="TbAxi4_MemoryReadWrite2"
   classname="AddressBusTransactionPkg"
   time="1.475"
>
</testcase>
<testcase 
   name="TbAxi4_ReadPoll1"
   classname="AddressBusTransactionPkg"
   time="1.799"
>
</testcase>
<testcase 
   name="TbAxi4_RandomReadWrite"
   classname="AddressBusTransactionPkg"
   time="1.956"
>
</testcase>
<testcase 
   name="TbAxi4_RandomReadWriteByte1"
   classname="AddressBusTransactionPkg"
   time="1.747"
>
</testcase>
<testcase 
   name="TbAxi4_ReadWriteAsync1"
   classname="AddressBusTransactionPkg"
   time="1.511"
>
</testcase>
<testcase 
   name="TbAxi4_ReadWriteAsync2"
   classname="AddressBusTransactionPkg"
   time="1.413"
>
</testcase>
<testcase 
   name="TbAxi4_ReadWriteAsync3"
   classname="AddressBusTransactionPkg"
   time="1.448"
>
</testcase>
<testcase 
   name="TbAxi4_ReadWriteAsync4"
   classname="AddressBusTransactionPkg"
   time="1.557"
>
</testcase>
<testcase 
   name="TbAxi4_TransactionApiSubordinate"
   classname="AddressBusTransactionPkg"
   time="1.422"
>
</testcase>
<testcase 
   name="TbAxi4_AlertLogIDSubordinate"
   classname="AddressBusTransactionPkg"
   time="1.517"
>
</testcase>
<testcase 
   name="TbAxi4_ReleaseAcquireSubordinate1"
   classname="AddressBusTransactionPkg"
   time="1.450"
>
</testcase>
<testcase 
   name="TbAxi4_MultipleDriversSubordinate"
   classname="AddressBusTransactionPkg"
   time="1.550"
>
</testcase>
<testcase 
   name="TbAxi4_SubordinateReadWrite1"
   classname="AddressBusTransactionPkg"
   time="1.538"
>
</testcase>
<testcase 
   name="TbAxi4_SubordinateReadWrite2"
   classname="AddressBusTransactionPkg"
   time="1.550"
>
</testcase>
<testcase 
   name="TbAxi4_SubordinateReadWrite3"
   classname="AddressBusTransactionPkg"
   time="1.498"
>
</testcase>
<testcase 
   name="TbAxi4_SubordinateReadWriteAsync1"
   classname="AddressBusTransactionPkg"
   time="1.580"
>
</testcase>
<testcase 
   name="TbAxi4_SubordinateReadWriteAsync2"
   classname="AddressBusTransactionPkg"
   time="1.457"
>
</testcase>
<testcase 
   name="TbAxi4_TransactionApiMemory"
   classname="AddressBusTransactionPkg"
   time="1.385"
>
</testcase>
<testcase 
   name="TbAxi4_AlertLogIDMemory"
   classname="AddressBusTransactionPkg"
   time="2.115"
>
</testcase>
<testcase 
   name="TbAxi4_ReleaseAcquireMemory1"
   classname="AddressBusTransactionPkg"
   time="1.807"
>
</testcase>
<testcase 
   name="TbAxi4_MultipleDriversMemory"
   classname="AddressBusTransactionPkg"
   time="1.540"
>
</testcase>
<testcase 
   name="TbAxi4_MemoryAsync"
   classname="AddressBusTransactionPkg"
   time="1.533"
>
</testcase>
<testcase 
   name="TbAxi4_TransactionApiManagerBurst"
   classname="AddressBusTransactionPkg"
   time="1.392"
>
</testcase>
<testcase 
   name="TbAxi4_TransactionApiMemoryBurst"
   classname="AddressBusTransactionPkg"
   time="1.839"
>
</testcase>
<testcase 
   name="TbAxi4_MemoryBurst1"
   classname="AddressBusTransactionPkg"
   time="1.575"
>
</testcase>
<testcase 
   name="TbAxi4_MemoryBurstPattern1"
   classname="AddressBusTransactionPkg"
   time="1.457"
>
</testcase>
<testcase 
   name="TbAxi4_MemoryBurstPattern2"
   classname="AddressBusTransactionPkg"
   time="2.029"
>
</testcase>
<testcase 
   name="TbAxi4_MemoryBurstByte1"
   classname="AddressBusTransactionPkg"
   time="3.223"
>
</testcase>
<testcase 
   name="TbAxi4_MemoryBurstBytePattern1"
   classname="AddressBusTransactionPkg"
   time="2.461"
>
</testcase>
<testcase 
   name="TbAxi4_MemoryBurstAsync1"
   classname="AddressBusTransactionPkg"
   time="1.420"
>
</testcase>
<testcase 
   name="TbAxi4_MemoryBurstAsyncPattern1"
   classname="AddressBusTransactionPkg"
   time="1.428"
>
</testcase>
<testcase 
   name="TbAxi4_MemoryBurstAsyncPattern2"
   classname="AddressBusTransactionPkg"
   time="1.499"
>
</testcase>
<testcase 
   name="TbAxi4_MemoryBurstSparse1"
   classname="AddressBusTransactionPkg"
   time="1.341"
>
</testcase>
<testcase 
   name="TbAxi4_MemoryReadWriteDemo1"
   classname="AddressBusTransactionPkg"
   time="1.663"
>
</testcase>
<testcase 
   name="TbAxi4_Interrupt1"
   classname="AddressBusTransactionPkg"
   time="1.471"
>
</testcase>
<testcase 
   name="TbAxi4_SetModelOptions1"
   classname="AddressBusTransactionPkg"
   time="1.346"
>
</testcase>
</testsuite>
<testsuite 
   name="AddressBusTransactionArrayPkg"
   time="106.245"
   tests="42"
   failures="0"
   errors="0"
   skipped="0"
>
<testcase 
   name="TbAxi4_TransactionApiManager"
   classname="AddressBusTransactionArrayPkg"
   time="1.376"
>
</testcase>
<testcase 
   name="TbAxi4_AlertLogIDManager"
   classname="AddressBusTransactionArrayPkg"
   time="1.589"
>
</testcase>
<testcase 
   name="TbAxi4_ReleaseAcquireManager1"
   classname="AddressBusTransactionArrayPkg"
   time="2.019"
>
</testcase>
<testcase 
   name="TbAxi4_MultipleDriversManager"
   classname="AddressBusTransactionArrayPkg"
   time="1.371"
>
</testcase>
<testcase 
   name="TbAxi4_BasicReadWrite"
   classname="AddressBusTransactionArrayPkg"
   time="1.281"
>
</testcase>
<testcase 
   name="TbAxi4_MemoryReadWrite1"
   classname="AddressBusTransactionArrayPkg"
   time="1.260"
>
</testcase>
<testcase 
   name="TbAxi4_MemoryReadWrite2"
   classname="AddressBusTransactionArrayPkg"
   time="1.367"
>
</testcase>
<testcase 
   name="TbAxi4_ReadPoll1"
   classname="AddressBusTransactionArrayPkg"
   time="1.457"
>
</testcase>
<testcase 
   name="TbAxi4_RandomReadWrite"
   classname="AddressBusTransactionArrayPkg"
   time="1.733"
>
</testcase>
<testcase 
   name="TbAxi4_RandomReadWriteByte1"
   classname="AddressBusTransactionArrayPkg"
   time="2.154"
>
</testcase>
<testcase 
   name="TbAxi4_ReadWriteAsync1"
   classname="AddressBusTransactionArrayPkg"
   time="1.377"
>
</testcase>
<testcase 
   name="TbAxi4_ReadWriteAsync2"
   classname="AddressBusTransactionArrayPkg"
   time="1.551"
>
</testcase>
<testcase 
   name="TbAxi4_ReadWriteAsync3"
   classname="AddressBusTransactionArrayPkg"
   time="1.388"
>
</testcase>
<testcase 
   name="TbAxi4_ReadWriteAsync4"
   classname="AddressBusTransactionArrayPkg"
   time="1.423"
>
</testcase>
<testcase 
   name="TbAxi4_TransactionApiSubordinate"
   classname="AddressBusTransactionArrayPkg"
   time="1.333"
>
</testcase>
<testcase 
   name="TbAxi4_AlertLogIDSubordinate"
   classname="AddressBusTransactionArrayPkg"
   time="1.448"
>
</testcase>
<testcase 
   name="TbAxi4_ReleaseAcquireSubordinate1"
   classname="AddressBusTransactionArrayPkg"
   time="1.501"
>
</testcase>
<testcase 
   name="TbAxi4_MultipleDriversSubordinate"
   classname="AddressBusTransactionArrayPkg"
   time="1.491"
>
</testcase>
<testcase 
   name="TbAxi4_SubordinateReadWrite1"
   classname="AddressBusTransactionArrayPkg"
   time="1.321"
>
</testcase>
<testcase 
   name="TbAxi4_SubordinateReadWrite2"
   classname="AddressBusTransactionArrayPkg"
   time="1.309"
>
</testcase>
<testcase 
   name="TbAxi4_SubordinateReadWrite3"
   classname="AddressBusTransactionArrayPkg"
   time="1.321"
>
</testcase>
<testcase 
   name="TbAxi4_SubordinateReadWriteAsync1"
   classname="AddressBusTransactionArrayPkg"
   time="1.281"
>
</testcase>
<testcase 
   name="TbAxi4_SubordinateReadWriteAsync2"
   classname="AddressBusTransactionArrayPkg"
   time="1.314"
>
</testcase>
<testcase 
   name="TbAxi4_TransactionApiMemory"
   classname="AddressBusTransactionArrayPkg"
   time="1.350"
>
</testcase>
<testcase 
   name="TbAxi4_AlertLogIDMemory"
   classname="AddressBusTransactionArrayPkg"
   time="1.363"
>
</testcase>
<testcase 
   name="TbAxi4_ReleaseAcquireMemory1"
   classname="AddressBusTransactionArrayPkg"
   time="1.406"
>
</testcase>
<testcase 
   name="TbAxi4_MultipleDriversMemory"
   classname="AddressBusTransactionArrayPkg"
   time="1.606"
>
</testcase>
<testcase 
   name="TbAxi4_MemoryAsync"
   classname="AddressBusTransactionArrayPkg"
   time="1.616"
>
</testcase>
<testcase 
   name="TbAxi4_TransactionApiManagerBurst"
   classname="AddressBusTransactionArrayPkg"
   time="1.701"
>
</testcase>
<testcase 
   name="TbAxi4_TransactionApiMemoryBurst"
   classname="AddressBusTransactionArrayPkg"
   time="1.427"
>
</testcase>
<testcase 
   name="TbAxi4_MemoryBurst1"
   classname="AddressBusTransactionArrayPkg"
   time="1.385"
>
</testcase>
<testcase 
   name="TbAxi4_MemoryBurstPattern1"
   classname="AddressBusTransactionArrayPkg"
   time="1.352"
>
</testcase>
<testcase 
   name="TbAxi4_MemoryBurstPattern2"
   classname="AddressBusTransactionArrayPkg"
   time="1.468"
>
</testcase>
<testcase 
   name="TbAxi4_MemoryBurstByte1"
   classname="AddressBusTransactionArrayPkg"
   time="1.582"
>
</testcase>
<testcase 
   name="TbAxi4_MemoryBurstBytePattern1"
   classname="AddressBusTransactionArrayPkg"
   time="1.480"
>
</testcase>
<testcase 
   name="TbAxi4_MemoryBurstAsync1"
   classname="AddressBusTransactionArrayPkg"
   time="1.446"
>
</testcase>
<testcase 
   name="TbAxi4_MemoryBurstAsyncPattern1"
   classname="AddressBusTransactionArrayPkg"
   time="1.416"
>
</testcase>
<testcase 
   name="TbAxi4_MemoryBurstAsyncPattern2"
   classname="AddressBusTransactionArrayPkg"
   time="1.986"
>
</testcase>
<testcase 
   name="TbAxi4_MemoryBurstSparse1"
   classname="AddressBusTransactionArrayPkg"
   time="1.725"
>
</testcase>
<testcase 
   name="TbAxi4_MemoryReadWriteDemo1"
   classname="AddressBusTransactionArrayPkg"
   time="1.789"
>
</testcase>
<testcase 
   name="TbAxi4_Interrupt1"
   classname="AddressBusTransactionArrayPkg"
   time="1.404"
>
</testcase>
<testcase 
   name="TbAxi4_SetModelOptions1"
   classname="AddressBusTransactionArrayPkg"
   time="1.455"
>
</testcase>
</testsuite>
<testsuite 
   name="InterruptHandler_Gen"
   time="23.008"
   tests="6"
   failures="0"
   errors="0"
   skipped="0"
>
<testcase 
   name="TbAb_Interrupt1"
   classname="InterruptHandler_Gen"
   time="3.454"
>
</testcase>
<testcase 
   name="TbAb_Interrupt2"
   classname="InterruptHandler_Gen"
   time="1.816"
>
</testcase>
<testcase 
   name="TbAb_Interrupt3_NUM_INTERRUPTS_2"
   classname="InterruptHandler_Gen"
   time="1.969"
>
</testcase>
<testcase 
   name="TbAb_InterruptBurst1"
   classname="InterruptHandler_Gen"
   time="1.847"
>
</testcase>
<testcase 
   name="TbAb_InterruptBurst2"
   classname="InterruptHandler_Gen"
   time="1.814"
>
</testcase>
<testcase 
   name="TbAb_InterruptNoHandler1"
   classname="InterruptHandler_Gen"
   time="1.828"
>
</testcase>
</testsuite>
<testsuite 
   name="ModelParams"
   time="5.898"
   tests="2"
   failures="0"
   errors="0"
   skipped="0"
>
<testcase 
   name="TbModelParameters1"
   classname="ModelParams"
   time="1.487"
>
</testcase>
<testcase 
   name="TbModelParameters2"
   classname="ModelParams"
   time="1.455"
>
</testcase>
</testsuite>
<testsuite 
   name="ModelParams_PT"
   time="3.416"
   tests="1"
   failures="0"
   errors="0"
   skipped="0"
>
<testcase 
   name="TbModelParameters"
   classname="ModelParams_PT"
   time="1.337"
>
</testcase>
</testsuite>
<testsuite 
   name="Axi4Lite"
   time="59.027"
   tests="17"
   failures="0"
   errors="0"
   skipped="0"
>
<testcase 
   name="TbAxi4_BasicReadWrite"
   classname="Axi4Lite"
   time="2.236"
>
</testcase>
<testcase 
   name="TbAxi4_ReadWriteAsync1"
   classname="Axi4Lite"
   time="1.811"
>
</testcase>
<testcase 
   name="TbAxi4_ReadWriteAsync2"
   classname="Axi4Lite"
   time="1.730"
>
</testcase>
<testcase 
   name="TbAxi4_ReadWriteAsync3"
   classname="Axi4Lite"
   time="1.945"
>
</testcase>
<testcase 
   name="TbAxi4_RandomReadWrite"
   classname="Axi4Lite"
   time="2.150"
>
</testcase>
<testcase 
   name="TbAxi4_RandomReadWriteByte"
   classname="Axi4Lite"
   time="2.187"
>
</testcase>
<testcase 
   name="TbAxi4_TimeOut"
   classname="Axi4Lite"
   time="2.015"
>
</testcase>
<testcase 
   name="TbAxi4_WriteOptions"
   classname="Axi4Lite"
   time="1.695"
>
</testcase>
<testcase 
   name="TbAxi4_MemoryReadWrite1"
   classname="Axi4Lite"
   time="1.698"
>
</testcase>
<testcase 
   name="TbAxi4_AxiXResp"
   classname="Axi4Lite"
   time="1.902"
>
</testcase>
<testcase 
   name="TbAxi4_AxiXResp2_Enum"
   classname="Axi4Lite"
   time="1.684"
>
</testcase>
<testcase 
   name="TbAxi4_NoRandomTiming1"
   classname="Axi4Lite"
   time="1.978"
>
</testcase>
<testcase 
   name="TbAxi4_ManagerRandomTiming1"
   classname="Axi4Lite"
   time="2.034"
>
</testcase>
<testcase 
   name="TbAxi4_MemoryRandomTiming1"
   classname="Axi4Lite"
   time="1.863"
>
</testcase>
<testcase 
   name="TbAxi4_SubordinateRandomTiming1"
   classname="Axi4Lite"
   time="2.170"
>
</testcase>
<testcase 
   name="TbAxi4_ManagerMemoryRandomTiming1"
   classname="Axi4Lite"
   time="2.203"
>
</testcase>
<testcase 
   name="TbAxi4_ManagerSubordinateRandomTiming1"
   classname="Axi4Lite"
   time="1.836"
>
</testcase>
</testsuite>
<testsuite 
   name="Axi4Full"
   time="226.753"
   tests="68"
   failures="0"
   errors="0"
   skipped="0"
>
<testcase 
   name="TbAxi4_DemoMemoryReadWrite1"
   classname="Axi4Full"
   time="2.253"
>
</testcase>
<testcase 
   name="TbAxi4_BasicReadWrite"
   classname="Axi4Full"
   time="1.986"
>
</testcase>
<testcase 
   name="TbAxi4_RandomReadWrite"
   classname="Axi4Full"
   time="2.215"
>
</testcase>
<testcase 
   name="TbAxi4_RandomReadWriteByte1"
   classname="Axi4Full"
   time="2.298"
>
</testcase>
<testcase 
   name="TbAxi4_SubordinateReadWrite1"
   classname="Axi4Full"
   time="1.832"
>
</testcase>
<testcase 
   name="TbAxi4_SubordinateReadWrite2"
   classname="Axi4Full"
   time="1.668"
>
</testcase>
<testcase 
   name="TbAxi4_SubordinateReadWrite3"
   classname="Axi4Full"
   time="1.740"
>
</testcase>
<testcase 
   name="TbAxi4_ReadWriteAsync1"
   classname="Axi4Full"
   time="1.760"
>
</testcase>
<testcase 
   name="TbAxi4_ReadWriteAsync2"
   classname="Axi4Full"
   time="2.537"
>
</testcase>
<testcase 
   name="TbAxi4_ReadWriteAsync3"
   classname="Axi4Full"
   time="1.768"
>
</testcase>
<testcase 
   name="TbAxi4_ReadWriteAsync4"
   classname="Axi4Full"
   time="1.761"
>
</testcase>
<testcase 
   name="TbAxi4_SubordinateReadWriteAsync1"
   classname="Axi4Full"
   time="2.278"
>
</testcase>
<testcase 
   name="TbAxi4_SubordinateReadWriteAsync2"
   classname="Axi4Full"
   time="1.802"
>
</testcase>
<testcase 
   name="TbAxi4_MultipleDriversManager"
   classname="Axi4Full"
   time="1.737"
>
</testcase>
<testcase 
   name="TbAxi4_MultipleDriversSubordinate"
   classname="Axi4Full"
   time="2.053"
>
</testcase>
<testcase 
   name="TbAxi4_ReleaseAcquireSubordinate1"
   classname="Axi4Full"
   time="2.041"
>
</testcase>
<testcase 
   name="TbAxi4_AlertLogIDManager"
   classname="Axi4Full"
   time="1.675"
>
</testcase>
<testcase 
   name="TbAxi4_AlertLogIDSubordinate"
   classname="Axi4Full"
   time="2.134"
>
</testcase>
<testcase 
   name="TbAxi4_TransactionApiSubordinate"
   classname="Axi4Full"
   time="1.911"
>
</testcase>
<testcase 
   name="TbAxi4_ValidTimingManager"
   classname="Axi4Full"
   time="1.784"
>
</testcase>
<testcase 
   name="TbAxi4_ValidTimingSubordinate"
   classname="Axi4Full"
   time="2.350"
>
</testcase>
<testcase 
   name="TbAxi4_ReadyTimingSubordinate"
   classname="Axi4Full"
   time="1.788"
>
</testcase>
<testcase 
   name="TbAxi4_AxiIfOptionsManagerSubordinate"
   classname="Axi4Full"
   time="1.902"
>
</testcase>
<testcase 
   name="TbAxi4_AxiXResp"
   classname="Axi4Full"
   time="1.758"
>
</testcase>
<testcase 
   name="TbAxi4_AxiXResp2_Enum"
   classname="Axi4Full"
   time="2.375"
>
</testcase>
<testcase 
   name="TbAxi4_AxiXResp3_slv"
   classname="Axi4Full"
   time="1.701"
>
</testcase>
<testcase 
   name="TbAxi4_TimeOutManager"
   classname="Axi4Full"
   time="1.793"
>
</testcase>
<testcase 
   name="TbAxi4_TimeOutSubordinate"
   classname="Axi4Full"
   time="2.419"
>
</testcase>
<testcase 
   name="TbAxi4_MemoryReadWrite1"
   classname="Axi4Full"
   time="1.783"
>
</testcase>
<testcase 
   name="TbAxi4_MemoryReadWrite2"
   classname="Axi4Full"
   time="1.808"
>
</testcase>
<testcase 
   name="TbAxi4_MultipleDriversMemory"
   classname="Axi4Full"
   time="2.081"
>
</testcase>
<testcase 
   name="TbAxi4_ReleaseAcquireMemory1"
   classname="Axi4Full"
   time="1.827"
>
</testcase>
<testcase 
   name="TbAxi4_AlertLogIDMemory"
   classname="Axi4Full"
   time="1.883"
>
</testcase>
<testcase 
   name="TbAxi4_TimeOutMemory"
   classname="Axi4Full"
   time="2.090"
>
</testcase>
<testcase 
   name="TbAxi4_TransactionApiManager"
   classname="Axi4Full"
   time="1.952"
>
</testcase>
<testcase 
   name="TbAxi4_TransactionApiMemory"
   classname="Axi4Full"
   time="1.872"
>
</testcase>
<testcase 
   name="TbAxi4_ValidTimingMemory"
   classname="Axi4Full"
   time="2.482"
>
</testcase>
<testcase 
   name="TbAxi4_ReadyTimingManager"
   classname="Axi4Full"
   time="1.897"
>
</testcase>
<testcase 
   name="TbAxi4_ReadyTimingMemory"
   classname="Axi4Full"
   time="1.902"
>
</testcase>
<testcase 
   name="TbAxi4_MemoryAsync"
   classname="Axi4Full"
   time="2.136"
>
</testcase>
<testcase 
   name="TbAxi4_MemoryBurst1"
   classname="Axi4Full"
   time="1.857"
>
</testcase>
<testcase 
   name="TbAxi4_MemoryBurstAsync1"
   classname="Axi4Full"
   time="2.246"
>
</testcase>
<testcase 
   name="TbAxi4_MemoryBurstByte1"
   classname="Axi4Full"
   time="1.970"
>
</testcase>
<testcase 
   name="TbAxi4_MemoryBurstPattern1"
   classname="Axi4Full"
   time="1.939"
>
</testcase>
<testcase 
   name="TbAxi4_MemoryBurstPattern2"
   classname="Axi4Full"
   time="2.739"
>
</testcase>
<testcase 
   name="TbAxi4_MemoryBurstBytePattern1"
   classname="Axi4Full"
   time="1.842"
>
</testcase>
<testcase 
   name="TbAxi4_MemoryBurstAsyncPattern1"
   classname="Axi4Full"
   time="2.142"
>
</testcase>
<testcase 
   name="TbAxi4_MemoryBurstAsyncPattern2"
   classname="Axi4Full"
   time="2.100"
>
</testcase>
<testcase 
   name="TbAxi4_MemoryBurstSparse1"
   classname="Axi4Full"
   time="2.465"
>
</testcase>
<testcase 
   name="TbAxi4_ReleaseAcquireManager1"
   classname="Axi4Full"
   time="3.216"
>
</testcase>
<testcase 
   name="TbAxi4_AxSizeManagerMemory1"
   classname="Axi4Full"
   time="1.843"
>
</testcase>
<testcase 
   name="TbAxi4_AxSizeManagerMemory2"
   classname="Axi4Full"
   time="1.960"
>
</testcase>
<testcase 
   name="TbAxi4_AxiIfOptionsManagerMemory"
   classname="Axi4Full"
   time="1.924"
>
</testcase>
<testcase 
   name="TbAxi4_TransactionApiManagerBurst"
   classname="Axi4Full"
   time="1.463"
>
</testcase>
<testcase 
   name="TbAxi4_TransactionApiMemoryBurst"
   classname="Axi4Full"
   time="1.466"
>
</testcase>
<testcase 
   name="TbAxi4_ValidTimingBurstManager"
   classname="Axi4Full"
   time="1.573"
>
</testcase>
<testcase 
   name="TbAxi4_ValidTimingBurstMemory"
   classname="Axi4Full"
   time="1.534"
>
</testcase>
<testcase 
   name="TbAxi4_ManagerRandomTiming1"
   classname="Axi4Full"
   time="1.539"
>
</testcase>
<testcase 
   name="TbAxi4_ManagerRandomTimingAsync1"
   classname="Axi4Full"
   time="1.590"
>
</testcase>
<testcase 
   name="TbAxi4_MemoryRandomTiming1"
   classname="Axi4Full"
   time="1.620"
>
</testcase>
<testcase 
   name="TbAxi4_MemoryRandomTimingAsync1"
   classname="Axi4Full"
   time="1.843"
>
</testcase>
<testcase 
   name="TbAxi4_ManagerMemoryRandomTiming1"
   classname="Axi4Full"
   time="1.620"
>
</testcase>
<testcase 
   name="TbAxi4_SubordinateRandomTiming1"
   classname="Axi4Full"
   time="1.542"
>
</testcase>
<testcase 
   name="TbAxi4_ManagerSubordinateRandomTiming1"
   classname="Axi4Full"
   time="1.559"
>
</testcase>
<testcase 
   name="TbAxi4_ManagerSubordinateRandomTimingAsync1"
   classname="Axi4Full"
   time="1.609"
>
</testcase>
<testcase 
   name="TbAxi4_NoRandomTiming1"
   classname="Axi4Full"
   time="1.573"
>
</testcase>
<testcase 
   name="TbAxi4_Shared1"
   classname="Axi4Full"
   time="1.757"
>
</testcase>
<testcase 
   name="TbAxi4_Separate1"
   classname="Axi4Full"
   time="1.732"
>
</testcase>
</testsuite>
<testsuite 
   name="AxiStream"
   time="146.234"
   tests="65"
   failures="0"
   errors="0"
   skipped="0"
>
<testcase 
   name="TbStream_SendGetDemo1"
   classname="AxiStream"
   time="1.853"
>
</testcase>
<testcase 
   name="TbStream_SendGetPacketBurst1"
   classname="AxiStream"
   time="1.314"
>
</testcase>
<testcase 
   name="TbStream_SendGetRandom1"
   classname="AxiStream"
   time="1.474"
>
</testcase>
<testcase 
   name="TbStream_SendGetRandom2"
   classname="AxiStream"
   time="1.694"
>
</testcase>
<testcase 
   name="TbStream_MultipleDriversTransmitter1"
   classname="AxiStream"
   time="1.261"
>
</testcase>
<testcase 
   name="TbStream_MultipleDriversReceiver1"
   classname="AxiStream"
   time="1.297"
>
</testcase>
<testcase 
   name="TbStream_SendGet1"
   classname="AxiStream"
   time="1.426"
>
</testcase>
<testcase 
   name="TbStream_ByteHandling1"
   classname="AxiStream"
   time="1.265"
>
</testcase>
<testcase 
   name="TbStream_SendGetAsync1"
   classname="AxiStream"
   time="1.354"
>
</testcase>
<testcase 
   name="TbStream_ByteHandlingAsync1"
   classname="AxiStream"
   time="1.239"
>
</testcase>
<testcase 
   name="TbStream_SendGetBurst1"
   classname="AxiStream"
   time="1.360"
>
</testcase>
<testcase 
   name="TbStream_SendGetBurstByte1"
   classname="AxiStream"
   time="1.303"
>
</testcase>
<testcase 
   name="TbStream_ByteHandlingBurst1"
   classname="AxiStream"
   time="1.246"
>
</testcase>
<testcase 
   name="TbStream_ByteHandlingBurstByte1"
   classname="AxiStream"
   time="1.228"
>
</testcase>
<testcase 
   name="TbStream_SendCheckBurst1"
   classname="AxiStream"
   time="1.333"
>
</testcase>
<testcase 
   name="TbStream_SendCheckBurstByte1"
   classname="AxiStream"
   time="1.253"
>
</testcase>
<testcase 
   name="TbStream_SendCheckBurstPattern1"
   classname="AxiStream"
   time="1.288"
>
</testcase>
<testcase 
   name="TbStream_SendCheckBurstPattern2"
   classname="AxiStream"
   time="1.369"
>
</testcase>
<testcase 
   name="TbStream_SendCheckBurstBytePattern1"
   classname="AxiStream"
   time="1.287"
>
</testcase>
<testcase 
   name="TbStream_SendCheckBurstAsyncPattern1"
   classname="AxiStream"
   time="1.316"
>
</testcase>
<testcase 
   name="TbStream_SendCheckBurstAsyncPattern2"
   classname="AxiStream"
   time="1.437"
>
</testcase>
<testcase 
   name="TbStream_SendCheckBurstByteAsyncPattern1"
   classname="AxiStream"
   time="1.679"
>
</testcase>
<testcase 
   name="TbStream_SendGetBurstAsync1"
   classname="AxiStream"
   time="1.363"
>
</testcase>
<testcase 
   name="TbStream_SendGetBurstByteAsync1"
   classname="AxiStream"
   time="1.383"
>
</testcase>
<testcase 
   name="TbStream_ByteHandlingBurstAsync1"
   classname="AxiStream"
   time="1.257"
>
</testcase>
<testcase 
   name="TbStream_ByteHandlingBurstByteAsync1"
   classname="AxiStream"
   time="1.319"
>
</testcase>
<testcase 
   name="TbStream_SendCheckBurstAsync1"
   classname="AxiStream"
   time="1.336"
>
</testcase>
<testcase 
   name="TbStream_SendCheckBurstByteAsync1"
   classname="AxiStream"
   time="1.425"
>
</testcase>
<testcase 
   name="TbStream_ReleaseAcquireTransmitter1"
   classname="AxiStream"
   time="1.244"
>
</testcase>
<testcase 
   name="TbStream_ReleaseAcquireReceiver1"
   classname="AxiStream"
   time="1.366"
>
</testcase>
<testcase 
   name="TbStream_AxiSendGet2"
   classname="AxiStream"
   time="1.388"
>
</testcase>
<testcase 
   name="TbStream_AxiSetOptions1"
   classname="AxiStream"
   time="1.361"
>
</testcase>
<testcase 
   name="TbStream_AxiTxValidDelay1"
   classname="AxiStream"
   time="1.377"
>
</testcase>
<testcase 
   name="TbStream_AxiTiming1"
   classname="AxiStream"
   time="1.295"
>
</testcase>
<testcase 
   name="TbStream_AxiTiming2"
   classname="AxiStream"
   time="1.281"
>
</testcase>
<testcase 
   name="TbStream_AxiSetOptions2"
   classname="AxiStream"
   time="1.303"
>
</testcase>
<testcase 
   name="TbStream_AxiSendGetAsync2"
   classname="AxiStream"
   time="1.302"
>
</testcase>
<testcase 
   name="TbStream_AxiSetOptionsAsync1"
   classname="AxiStream"
   time="1.326"
>
</testcase>
<testcase 
   name="TbStream_AxiSetOptionsAsync2"
   classname="AxiStream"
   time="1.308"
>
</testcase>
<testcase 
   name="TbStream_WaitForGet1"
   classname="AxiStream"
   time="1.294"
>
</testcase>
<testcase 
   name="TbStream_WaitForGetAsync1"
   classname="AxiStream"
   time="1.286"
>
</testcase>
<testcase 
   name="TbStream_AxiSendGetBurst2"
   classname="AxiStream"
   time="1.318"
>
</testcase>
<testcase 
   name="TbStream_AxiLastParam1"
   classname="AxiStream"
   time="1.449"
>
</testcase>
<testcase 
   name="TbStream_AxiLastOption1"
   classname="AxiStream"
   time="1.448"
>
</testcase>
<testcase 
   name="TbStream_AxiSetOptionsBurst1"
   classname="AxiStream"
   time="1.330"
>
</testcase>
<testcase 
   name="TbStream_AxiTxValidDelayBurst1"
   classname="AxiStream"
   time="1.351"
>
</testcase>
<testcase 
   name="TbStream_AxiTimingBurst2"
   classname="AxiStream"
   time="1.330"
>
</testcase>
<testcase 
   name="TbStream_AxiSetOptionsBurst2"
   classname="AxiStream"
   time="1.418"
>
</testcase>
<testcase 
   name="TbStream_AxiSetOptionsBurstByte2"
   classname="AxiStream"
   time="1.352"
>
</testcase>
<testcase 
   name="TbStream_AxiSetOptionsBurst3"
   classname="AxiStream"
   time="1.343"
>
</testcase>
<testcase 
   name="TbStream_AxiBurstNoLast1"
   classname="AxiStream"
   time="1.276"
>
</testcase>
<testcase 
   name="TbStream_AxiSetOptionsBurstCheck3"
   classname="AxiStream"
   time="1.341"
>
</testcase>
<testcase 
   name="TbStream_AxiSendCheckBurstPattern1"
   classname="AxiStream"
   time="1.347"
>
</testcase>
<testcase 
   name="TbStream_AxiSendCheckBurstPattern2"
   classname="AxiStream"
   time="1.478"
>
</testcase>
<testcase 
   name="TbStream_AxiSendCheckBurstAsyncPattern1"
   classname="AxiStream"
   time="1.424"
>
</testcase>
<testcase 
   name="TbStream_AxiSendCheckBurstAsyncPattern2"
   classname="AxiStream"
   time="1.527"
>
</testcase>
<testcase 
   name="TbStream_AxiSendGetBurstAsync2"
   classname="AxiStream"
   time="1.326"
>
</testcase>
<testcase 
   name="TbStream_AxiLastParamAsync1"
   classname="AxiStream"
   time="1.613"
>
</testcase>
<testcase 
   name="TbStream_AxiLastOptionAsync1"
   classname="AxiStream"
   time="1.540"
>
</testcase>
<testcase 
   name="TbStream_AxiSetOptionsBurstAsync1"
   classname="AxiStream"
   time="1.354"
>
</testcase>
<testcase 
   name="TbStream_AxiSetOptionsBurstAsync2"
   classname="AxiStream"
   time="1.409"
>
</testcase>
<testcase 
   name="TbStream_AxiSetOptionsBurstByteAsync2"
   classname="AxiStream"
   time="1.336"
>
</testcase>
<testcase 
   name="TbStream_AxiSetOptionsBurstAsync3"
   classname="AxiStream"
   time="1.452"
>
</testcase>
<testcase 
   name="TbStream_AxiBurstAsyncNoLast1"
   classname="AxiStream"
   time="1.416"
>
</testcase>
<testcase 
   name="TbStream_AxiSetOptionsBurstCheckAsync3"
   classname="AxiStream"
   time="1.444"
>
</testcase>
</testsuite>
<testsuite 
   name="Uart"
   time="27.718"
   tests="9"
   failures="0"
   errors="0"
   skipped="0"
>
<testcase 
   name="TbUart_SendGet1"
   classname="Uart"
   time="1.869"
>
</testcase>
<testcase 
   name="TbUart_SendGet2"
   classname="Uart"
   time="1.547"
>
</testcase>
<testcase 
   name="TbUart_Options1"
   classname="Uart"
   time="1.332"
>
</testcase>
<testcase 
   name="TbUart_Options2"
   classname="Uart"
   time="1.338"
>
</testcase>
<testcase 
   name="TbUart_Checkers1"
   classname="Uart"
   time="1.377"
>
</testcase>
<testcase 
   name="TbUart_Checkers2"
   classname="Uart"
   time="1.425"
>
</testcase>
<testcase 
   name="TbUart_Scoreboard1"
   classname="Uart"
   time="3.441"
>
</testcase>
<testcase 
   name="TbUart_Overload1"
   classname="Uart"
   time="1.412"
>
</testcase>
<testcase 
   name="TbUart_SingleProcess_1"
   classname="Uart"
   time="1.777"
>
</testcase>
</testsuite>
<testsuite 
   name="DpRam"
   time="4.358"
   tests="1"
   failures="0"
   errors="0"
   skipped="0"
>
<testcase 
   name="TbDpRam_BasicReadWrite"
   classname="DpRam"
   time="1.427"
>
</testcase>
</testsuite>
<testsuite 
   name="Ethernet"
   time="12.534"
   tests="6"
   failures="0"
   errors="0"
   skipped="0"
>
<testcase 
   name="Tb_xMii1"
   classname="Ethernet"
   time="1.743"
>
</testcase>
<testcase 
   name="Tb_xMii1_MII_INTERFACE_RGMII_MII_BPS_BPS_1G"
   classname="Ethernet"
   time="1.252"
>
</testcase>
<testcase 
   name="Tb_xMii1_MII_INTERFACE_MII_MII_BPS_BPS_100M"
   classname="Ethernet"
   time="1.292"
>
</testcase>
<testcase 
   name="Tb_xMii1_MII_INTERFACE_MII_MII_BPS_BPS_10M"
   classname="Ethernet"
   time="1.246"
>
</testcase>
<testcase 
   name="Tb_xMii1_MII_INTERFACE_RMII_MII_BPS_BPS_100M"
   classname="Ethernet"
   time="1.278"
>
</testcase>
<testcase 
   name="Tb_xMii1_MII_INTERFACE_RMII_MII_BPS_BPS_10M"
   classname="Ethernet"
   time="1.259"
>
</testcase>
</testsuite>
<testsuite 
   name="VideoBus"
   time="4.242"
   tests="1"
   failures="0"
   errors="0"
   skipped="0"
>
<testcase 
   name="TbVideoBus_SendGet"
   classname="VideoBus"
   time="1.812"
>
</testcase>
</testsuite>
<testsuite 
   name="Axi4Full_VTI"
   time="172.511"
   tests="68"
   failures="0"
   errors="0"
   skipped="0"
>
<testcase 
   name="TbAxi4_DemoMemoryReadWrite1"
   classname="Axi4Full_VTI"
   time="2.426"
>
</testcase>
<testcase 
   name="TbAxi4_BasicReadWrite"
   classname="Axi4Full_VTI"
   time="1.387"
>
</testcase>
<testcase 
   name="TbAxi4_RandomReadWrite"
   classname="Axi4Full_VTI"
   time="1.677"
>
</testcase>
<testcase 
   name="TbAxi4_RandomReadWriteByte1"
   classname="Axi4Full_VTI"
   time="1.733"
>
</testcase>
<testcase 
   name="TbAxi4_SubordinateReadWrite1"
   classname="Axi4Full_VTI"
   time="1.464"
>
</testcase>
<testcase 
   name="TbAxi4_SubordinateReadWrite2"
   classname="Axi4Full_VTI"
   time="1.389"
>
</testcase>
<testcase 
   name="TbAxi4_SubordinateReadWrite3"
   classname="Axi4Full_VTI"
   time="1.379"
>
</testcase>
<testcase 
   name="TbAxi4_ReadWriteAsync1"
   classname="Axi4Full_VTI"
   time="1.401"
>
</testcase>
<testcase 
   name="TbAxi4_ReadWriteAsync2"
   classname="Axi4Full_VTI"
   time="1.439"
>
</testcase>
<testcase 
   name="TbAxi4_ReadWriteAsync3"
   classname="Axi4Full_VTI"
   time="1.377"
>
</testcase>
<testcase 
   name="TbAxi4_ReadWriteAsync4"
   classname="Axi4Full_VTI"
   time="1.386"
>
</testcase>
<testcase 
   name="TbAxi4_SubordinateReadWriteAsync1"
   classname="Axi4Full_VTI"
   time="1.469"
>
</testcase>
<testcase 
   name="TbAxi4_SubordinateReadWriteAsync2"
   classname="Axi4Full_VTI"
   time="1.398"
>
</testcase>
<testcase 
   name="TbAxi4_MultipleDriversManager"
   classname="Axi4Full_VTI"
   time="1.387"
>
</testcase>
<testcase 
   name="TbAxi4_MultipleDriversSubordinate"
   classname="Axi4Full_VTI"
   time="1.344"
>
</testcase>
<testcase 
   name="TbAxi4_ReleaseAcquireSubordinate1"
   classname="Axi4Full_VTI"
   time="1.398"
>
</testcase>
<testcase 
   name="TbAxi4_AlertLogIDManager"
   classname="Axi4Full_VTI"
   time="1.438"
>
</testcase>
<testcase 
   name="TbAxi4_AlertLogIDSubordinate"
   classname="Axi4Full_VTI"
   time="1.344"
>
</testcase>
<testcase 
   name="TbAxi4_TransactionApiSubordinate"
   classname="Axi4Full_VTI"
   time="1.544"
>
</testcase>
<testcase 
   name="TbAxi4_ValidTimingManager"
   classname="Axi4Full_VTI"
   time="1.446"
>
</testcase>
<testcase 
   name="TbAxi4_ValidTimingSubordinate"
   classname="Axi4Full_VTI"
   time="1.501"
>
</testcase>
<testcase 
   name="TbAxi4_ReadyTimingSubordinate"
   classname="Axi4Full_VTI"
   time="1.446"
>
</testcase>
<testcase 
   name="TbAxi4_AxiIfOptionsManagerSubordinate"
   classname="Axi4Full_VTI"
   time="1.463"
>
</testcase>
<testcase 
   name="TbAxi4_AxiXResp"
   classname="Axi4Full_VTI"
   time="1.403"
>
</testcase>
<testcase 
   name="TbAxi4_AxiXResp2_Enum"
   classname="Axi4Full_VTI"
   time="1.374"
>
</testcase>
<testcase 
   name="TbAxi4_AxiXResp3_slv"
   classname="Axi4Full_VTI"
   time="1.417"
>
</testcase>
<testcase 
   name="TbAxi4_TimeOutManager"
   classname="Axi4Full_VTI"
   time="1.418"
>
</testcase>
<testcase 
   name="TbAxi4_TimeOutSubordinate"
   classname="Axi4Full_VTI"
   time="1.383"
>
</testcase>
<testcase 
   name="TbAxi4_MemoryReadWrite1"
   classname="Axi4Full_VTI"
   time="1.486"
>
</testcase>
<testcase 
   name="TbAxi4_MemoryReadWrite2"
   classname="Axi4Full_VTI"
   time="1.411"
>
</testcase>
<testcase 
   name="TbAxi4_MultipleDriversMemory"
   classname="Axi4Full_VTI"
   time="1.504"
>
</testcase>
<testcase 
   name="TbAxi4_ReleaseAcquireMemory1"
   classname="Axi4Full_VTI"
   time="1.403"
>
</testcase>
<testcase 
   name="TbAxi4_AlertLogIDMemory"
   classname="Axi4Full_VTI"
   time="1.346"
>
</testcase>
<testcase 
   name="TbAxi4_TimeOutMemory"
   classname="Axi4Full_VTI"
   time="1.424"
>
</testcase>
<testcase 
   name="TbAxi4_TransactionApiManager"
   classname="Axi4Full_VTI"
   time="1.479"
>
</testcase>
<testcase 
   name="TbAxi4_TransactionApiMemory"
   classname="Axi4Full_VTI"
   time="1.365"
>
</testcase>
<testcase 
   name="TbAxi4_ValidTimingMemory"
   classname="Axi4Full_VTI"
   time="1.401"
>
</testcase>
<testcase 
   name="TbAxi4_ReadyTimingManager"
   classname="Axi4Full_VTI"
   time="1.473"
>
</testcase>
<testcase 
   name="TbAxi4_ReadyTimingMemory"
   classname="Axi4Full_VTI"
   time="1.367"
>
</testcase>
<testcase 
   name="TbAxi4_MemoryAsync"
   classname="Axi4Full_VTI"
   time="1.380"
>
</testcase>
<testcase 
   name="TbAxi4_MemoryBurst1"
   classname="Axi4Full_VTI"
   time="1.330"
>
</testcase>
<testcase 
   name="TbAxi4_MemoryBurstAsync1"
   classname="Axi4Full_VTI"
   time="1.392"
>
</testcase>
<testcase 
   name="TbAxi4_MemoryBurstByte1"
   classname="Axi4Full_VTI"
   time="1.386"
>
</testcase>
<testcase 
   name="TbAxi4_MemoryBurstPattern1"
   classname="Axi4Full_VTI"
   time="1.329"
>
</testcase>
<testcase 
   name="TbAxi4_MemoryBurstPattern2"
   classname="Axi4Full_VTI"
   time="1.496"
>
</testcase>
<testcase 
   name="TbAxi4_MemoryBurstBytePattern1"
   classname="Axi4Full_VTI"
   time="1.314"
>
</testcase>
<testcase 
   name="TbAxi4_MemoryBurstAsyncPattern1"
   classname="Axi4Full_VTI"
   time="1.410"
>
</testcase>
<testcase 
   name="TbAxi4_MemoryBurstAsyncPattern2"
   classname="Axi4Full_VTI"
   time="1.482"
>
</testcase>
<testcase 
   name="TbAxi4_MemoryBurstSparse1"
   classname="Axi4Full_VTI"
   time="1.344"
>
</testcase>
<testcase 
   name="TbAxi4_ReleaseAcquireManager1"
   classname="Axi4Full_VTI"
   time="1.376"
>
</testcase>
<testcase 
   name="TbAxi4_AxSizeManagerMemory1"
   classname="Axi4Full_VTI"
   time="1.389"
>
</testcase>
<testcase 
   name="TbAxi4_AxSizeManagerMemory2"
   classname="Axi4Full_VTI"
   time="1.442"
>
</testcase>
<testcase 
   name="TbAxi4_AxiIfOptionsManagerMemory"
   classname="Axi4Full_VTI"
   time="1.419"
>
</testcase>
<testcase 
   name="TbAxi4_TransactionApiManagerBurst"
   classname="Axi4Full_VTI"
   time="1.651"
>
</testcase>
<testcase 
   name="TbAxi4_TransactionApiMemoryBurst"
   classname="Axi4Full_VTI"
   time="1.445"
>
</testcase>
<testcase 
   name="TbAxi4_ValidTimingBurstManager"
   classname="Axi4Full_VTI"
   time="1.671"
>
</testcase>
<testcase 
   name="TbAxi4_ValidTimingBurstMemory"
   classname="Axi4Full_VTI"
   time="1.849"
>
</testcase>
<testcase 
   name="TbAxi4_ManagerRandomTiming1"
   classname="Axi4Full_VTI"
   time="1.840"
>
</testcase>
<testcase 
   name="TbAxi4_ManagerRandomTimingAsync1"
   classname="Axi4Full_VTI"
   time="1.716"
>
</testcase>
<testcase 
   name="TbAxi4_MemoryRandomTiming1"
   classname="Axi4Full_VTI"
   time="1.623"
>
</testcase>
<testcase 
   name="TbAxi4_MemoryRandomTimingAsync1"
   classname="Axi4Full_VTI"
   time="2.381"
>
</testcase>
<testcase 
   name="TbAxi4_ManagerMemoryRandomTiming1"
   classname="Axi4Full_VTI"
   time="1.577"
>
</testcase>
<testcase 
   name="TbAxi4_SubordinateRandomTiming1"
   classname="Axi4Full_VTI"
   time="1.677"
>
</testcase>
<testcase 
   name="TbAxi4_ManagerSubordinateRandomTiming1"
   classname="Axi4Full_VTI"
   time="1.561"
>
</testcase>
<testcase 
   name="TbAxi4_ManagerSubordinateRandomTimingAsync1"
   classname="Axi4Full_VTI"
   time="1.607"
>
</testcase>
<testcase 
   name="TbAxi4_NoRandomTiming1"
   classname="Axi4Full_VTI"
   time="1.549"
>
</testcase>
<testcase 
   name="TbAxi4_Shared1"
   classname="Axi4Full_VTI"
   time="1.528"
>
</testcase>
<testcase 
   name="TbAxi4_Separate1"
   classname="Axi4Full_VTI"
   time="1.659"
>
</testcase>
</testsuite>
<testsuite 
   name="AxiStream_VTI"
   time="161.785"
   tests="65"
   failures="0"
   errors="0"
   skipped="0"
>
<testcase 
   name="TbStream_SendGetDemo1"
   classname="AxiStream_VTI"
   time="1.701"
>
</testcase>
<testcase 
   name="TbStream_SendGetPacketBurst1"
   classname="AxiStream_VTI"
   time="1.217"
>
</testcase>
<testcase 
   name="TbStream_SendGetRandom1"
   classname="AxiStream_VTI"
   time="1.358"
>
</testcase>
<testcase 
   name="TbStream_SendGetRandom2"
   classname="AxiStream_VTI"
   time="1.454"
>
</testcase>
<testcase 
   name="TbStream_MultipleDriversTransmitter1"
   classname="AxiStream_VTI"
   time="1.159"
>
</testcase>
<testcase 
   name="TbStream_MultipleDriversReceiver1"
   classname="AxiStream_VTI"
   time="1.389"
>
</testcase>
<testcase 
   name="TbStream_SendGet1"
   classname="AxiStream_VTI"
   time="1.471"
>
</testcase>
<testcase 
   name="TbStream_ByteHandling1"
   classname="AxiStream_VTI"
   time="1.333"
>
</testcase>
<testcase 
   name="TbStream_SendGetAsync1"
   classname="AxiStream_VTI"
   time="1.648"
>
</testcase>
<testcase 
   name="TbStream_ByteHandlingAsync1"
   classname="AxiStream_VTI"
   time="1.152"
>
</testcase>
<testcase 
   name="TbStream_SendGetBurst1"
   classname="AxiStream_VTI"
   time="1.198"
>
</testcase>
<testcase 
   name="TbStream_SendGetBurstByte1"
   classname="AxiStream_VTI"
   time="1.231"
>
</testcase>
<testcase 
   name="TbStream_ByteHandlingBurst1"
   classname="AxiStream_VTI"
   time="1.213"
>
</testcase>
<testcase 
   name="TbStream_ByteHandlingBurstByte1"
   classname="AxiStream_VTI"
   time="1.249"
>
</testcase>
<testcase 
   name="TbStream_SendCheckBurst1"
   classname="AxiStream_VTI"
   time="1.290"
>
</testcase>
<testcase 
   name="TbStream_SendCheckBurstByte1"
   classname="AxiStream_VTI"
   time="1.205"
>
</testcase>
<testcase 
   name="TbStream_SendCheckBurstPattern1"
   classname="AxiStream_VTI"
   time="1.165"
>
</testcase>
<testcase 
   name="TbStream_SendCheckBurstPattern2"
   classname="AxiStream_VTI"
   time="1.251"
>
</testcase>
<testcase 
   name="TbStream_SendCheckBurstBytePattern1"
   classname="AxiStream_VTI"
   time="1.178"
>
</testcase>
<testcase 
   name="TbStream_SendCheckBurstAsyncPattern1"
   classname="AxiStream_VTI"
   time="1.181"
>
</testcase>
<testcase 
   name="TbStream_SendCheckBurstAsyncPattern2"
   classname="AxiStream_VTI"
   time="1.244"
>
</testcase>
<testcase 
   name="TbStream_SendCheckBurstByteAsyncPattern1"
   classname="AxiStream_VTI"
   time="1.172"
>
</testcase>
<testcase 
   name="TbStream_SendGetBurstAsync1"
   classname="AxiStream_VTI"
   time="1.374"
>
</testcase>
<testcase 
   name="TbStream_SendGetBurstByteAsync1"
   classname="AxiStream_VTI"
   time="1.263"
>
</testcase>
<testcase 
   name="TbStream_ByteHandlingBurstAsync1"
   classname="AxiStream_VTI"
   time="1.163"
>
</testcase>
<testcase 
   name="TbStream_ByteHandlingBurstByteAsync1"
   classname="AxiStream_VTI"
   time="1.220"
>
</testcase>
<testcase 
   name="TbStream_SendCheckBurstAsync1"
   classname="AxiStream_VTI"
   time="1.231"
>
</testcase>
<testcase 
   name="TbStream_SendCheckBurstByteAsync1"
   classname="AxiStream_VTI"
   time="1.220"
>
</testcase>
<testcase 
   name="TbStream_ReleaseAcquireTransmitter1"
   classname="AxiStream_VTI"
   time="1.867"
>
</testcase>
<testcase 
   name="TbStream_ReleaseAcquireReceiver1"
   classname="AxiStream_VTI"
   time="2.139"
>
</testcase>
<testcase 
   name="TbStream_AxiSendGet2"
   classname="AxiStream_VTI"
   time="2.052"
>
</testcase>
<testcase 
   name="TbStream_AxiSetOptions1"
   classname="AxiStream_VTI"
   time="1.370"
>
</testcase>
<testcase 
   name="TbStream_AxiTxValidDelay1"
   classname="AxiStream_VTI"
   time="1.228"
>
</testcase>
<testcase 
   name="TbStream_AxiTiming1"
   classname="AxiStream_VTI"
   time="1.212"
>
</testcase>
<testcase 
   name="TbStream_AxiTiming2"
   classname="AxiStream_VTI"
   time="1.205"
>
</testcase>
<testcase 
   name="TbStream_AxiSetOptions2"
   classname="AxiStream_VTI"
   time="1.232"
>
</testcase>
<testcase 
   name="TbStream_AxiSendGetAsync2"
   classname="AxiStream_VTI"
   time="1.255"
>
</testcase>
<testcase 
   name="TbStream_AxiSetOptionsAsync1"
   classname="AxiStream_VTI"
   time="1.332"
>
</testcase>
<testcase 
   name="TbStream_AxiSetOptionsAsync2"
   classname="AxiStream_VTI"
   time="1.270"
>
</testcase>
<testcase 
   name="TbStream_WaitForGet1"
   classname="AxiStream_VTI"
   time="1.286"
>
</testcase>
<testcase 
   name="TbStream_WaitForGetAsync1"
   classname="AxiStream_VTI"
   time="1.294"
>
</testcase>
<testcase 
   name="TbStream_AxiSendGetBurst2"
   classname="AxiStream_VTI"
   time="1.311"
>
</testcase>
<testcase 
   name="TbStream_AxiLastParam1"
   classname="AxiStream_VTI"
   time="1.438"
>
</testcase>
<testcase 
   name="TbStream_AxiLastOption1"
   classname="AxiStream_VTI"
   time="1.480"
>
</testcase>
<testcase 
   name="TbStream_AxiSetOptionsBurst1"
   classname="AxiStream_VTI"
   time="1.404"
>
</testcase>
<testcase 
   name="TbStream_AxiTxValidDelayBurst1"
   classname="AxiStream_VTI"
   time="1.313"
>
</testcase>
<testcase 
   name="TbStream_AxiTimingBurst2"
   classname="AxiStream_VTI"
   time="1.357"
>
</testcase>
<testcase 
   name="TbStream_AxiSetOptionsBurst2"
   classname="AxiStream_VTI"
   time="1.350"
>
</testcase>
<testcase 
   name="TbStream_AxiSetOptionsBurstByte2"
   classname="AxiStream_VTI"
   time="1.332"
>
</testcase>
<testcase 
   name="TbStream_AxiSetOptionsBurst3"
   classname="AxiStream_VTI"
   time="1.304"
>
</testcase>
<testcase 
   name="TbStream_AxiBurstNoLast1"
   classname="AxiStream_VTI"
   time="1.313"
>
</testcase>
<testcase 
   name="TbStream_AxiSetOptionsBurstCheck3"
   classname="AxiStream_VTI"
   time="1.305"
>
</testcase>
<testcase 
   name="TbStream_AxiSendCheckBurstPattern1"
   classname="AxiStream_VTI"
   time="1.297"
>
</testcase>
<testcase 
   name="TbStream_AxiSendCheckBurstPattern2"
   classname="AxiStream_VTI"
   time="1.338"
>
</testcase>
<testcase 
   name="TbStream_AxiSendCheckBurstAsyncPattern1"
   classname="AxiStream_VTI"
   time="1.225"
>
</testcase>
<testcase 
   name="TbStream_AxiSendCheckBurstAsyncPattern2"
   classname="AxiStream_VTI"
   time="1.366"
>
</testcase>
<testcase 
   name="TbStream_AxiSendGetBurstAsync2"
   classname="AxiStream_VTI"
   time="1.262"
>
</testcase>
<testcase 
   name="TbStream_AxiLastParamAsync1"
   classname="AxiStream_VTI"
   time="1.389"
>
</testcase>
<testcase 
   name="TbStream_AxiLastOptionAsync1"
   classname="AxiStream_VTI"
   time="1.383"
>
</testcase>
<testcase 
   name="TbStream_AxiSetOptionsBurstAsync1"
   classname="AxiStream_VTI"
   time="1.224"
>
</testcase>
<testcase 
   name="TbStream_AxiSetOptionsBurstAsync2"
   classname="AxiStream_VTI"
   time="1.288"
>
</testcase>
<testcase 
   name="TbStream_AxiSetOptionsBurstByteAsync2"
   classname="AxiStream_VTI"
   time="1.289"
>
</testcase>
<testcase 
   name="TbStream_AxiSetOptionsBurstAsync3"
   classname="AxiStream_VTI"
   time="1.379"
>
</testcase>
<testcase 
   name="TbStream_AxiBurstAsyncNoLast1"
   classname="AxiStream_VTI"
   time="1.311"
>
</testcase>
<testcase 
   name="TbStream_AxiSetOptionsBurstCheckAsync3"
   classname="AxiStream_VTI"
   time="1.336"
>
</testcase>
</testsuite>
</testsuites>
